#
# A fatal error has been detected by the Java Runtime Environment:
#
#  EXCEPTION_ACCESS_VIOLATION (0xc0000005) at pc=0x00007ffa6ef95b6b, pid=10304, tid=8632
#
# JRE version: Java(TM) SE Runtime Environment (8.0_60-b27) (build 1.8.0_60-b27)
# Java VM: Java HotSpot(TM) 64-Bit Server VM (25.60-b23 mixed mode windows-amd64 compressed oops)
# Problematic frame:
# C  [ntdll.dll+0x35b6b]
#
# Failed to write core dump. Minidumps are not enabled by default on client versions of Windows
#
# If you would like to submit a bug report, please visit:
#   http://bugreport.java.com/bugreport/crash.jsp
# The crash happened outside the Java Virtual Machine in native code.
# See problematic frame for where to report the bug.
#

---------------  T H R E A D  ---------------

Current thread (0x00000000176bb800):  JavaThread "SwingWorker-pool-2-thread-1" daemon [_thread_in_native, id=8632, stack(0x0000000018bf0000,0x0000000018cf0000)]

siginfo: ExceptionCode=0xc0000005, writing address 0x0000000000000024

Registers:
RAX=0x0000000000000000, RBX=0x0000000018510308, RCX=0x0000000018510308, RDX=0xffffffffffffffff
RSP=0x0000000018cee710, RBP=0x00007ff6b7c0a000, RSI=0x0000000000000000, RDI=0x0000000000000000
R8 =0x0000000000000000, R9 =0x00007ffa54c505fa, R10=0x000000000000001c, R11=0x0000000018cee8a0
R12=0x0000000000000000, R13=0x0000000014d5d860, R14=0x0000000000000001, R15=0x0000000000000000
RIP=0x00007ffa6ef95b6b, EFLAGS=0x0000000000010213

Top of Stack: (sp=0x0000000018cee710)
0x0000000018cee710:   ffffffffffffffff 0000000018510308
0x0000000018cee720:   00000000168cf498 0000000018cee8d8
0x0000000018cee730:   00000000000003d8 00000000168cf0c0
0x0000000018cee740:   00000000176bb900 00000000fffffffa
0x0000000018cee750:   00007ff6b7c0a000 00000000186f9140
0x0000000018cee760:   00000000010d0000 0000000000000000
0x0000000018cee770:   0000000000000000 0000000014d5aa98
0x0000000018cee780:   00000000176bb800 00007ffa6d4e9c30
0x0000000018cee790:   0000bd54f29f940f 0000000000000000
0x0000000018cee7a0:   0000000000000003 0000000000000001
0x0000000018cee7b0:   0000000014d5d860 0000000000000000
0x0000000018cee7c0:   0000000000000000 0000000000000000
0x0000000018cee7d0:   0000000000000001 00007ffa6ef95069
0x0000000018cee7e0:   0000000000000001 000000006f6b6471
0x0000000018cee7f0:   0000000018510308 00007ffa54c411bb
0x0000000018cee800:   00000000176bb800 0000000018cef038 

Instructions: (pc=0x00007ffa6ef95b6b)
0x00007ffa6ef95b4b:   48 39 7b 18 0f 84 c0 00 00 00 48 83 3b ff 0f 84
0x00007ffa6ef95b5b:   c3 00 00 00 48 8b 03 44 8b e7 48 83 f8 ff 74 03
0x00007ffa6ef95b6b:   ff 40 24 4c 8b 6b 18 4c 8d 35 37 c5 10 00 33 ed
0x00007ffa6ef95b7b:   b8 82 03 fe 7f 8a 08 84 c9 0f 85 60 15 07 00 49 


Register to memory mapping:

RAX=0x0000000000000000 is an unknown value
RBX=0x0000000018510308 is an unknown value
RCX=0x0000000018510308 is an unknown value
RDX=0xffffffffffffffff is an unknown value
RSP=0x0000000018cee710 is pointing into the stack for thread: 0x00000000176bb800
RBP=0x00007ff6b7c0a000 is an unknown value
RSI=0x0000000000000000 is an unknown value
RDI=0x0000000000000000 is an unknown value
R8 =0x0000000000000000 is an unknown value
R9 =0x00007ffa54c505fa is an unknown value
R10=0x000000000000001c is an unknown value
R11=0x0000000018cee8a0 is pointing into the stack for thread: 0x00000000176bb800
R12=0x0000000000000000 is an unknown value
R13={method} {0x0000000014d5d868} 'invokeLong' '(JI[Ljava/lang/Object;)J' in 'com/sun/jna/Native'
R14=0x0000000000000001 is an unknown value
R15=0x0000000000000000 is an unknown value


Stack: [0x0000000018bf0000,0x0000000018cf0000],  sp=0x0000000018cee710,  free space=1017k
Native frames: (J=compiled Java code, j=interpreted, Vv=VM code, C=native code)
C  [ntdll.dll+0x35b6b]
C  [ntdll.dll+0x35069]
C  [ntdll.dll+0x34f80]
C  [libvlc.dll+0xe2a5]
C  [jna3630853473288083105.dll+0x176f3]
C  [jna3630853473288083105.dll+0xffe7]
C  [jna3630853473288083105.dll+0x3d1a]
C  [jna3630853473288083105.dll+0x4e97]
C  0x0000000002d55e34

Java frames: (J=compiled Java code, j=interpreted, Vv=VM code)
j  com.sun.jna.Native.invokeLong(JI[Ljava/lang/Object;)J+0
j  com.sun.jna.Function.invoke([Ljava/lang/Object;Ljava/lang/Class;Z)Ljava/lang/Object;+389
j  com.sun.jna.Function.invoke(Ljava/lang/Class;[Ljava/lang/Object;Ljava/util/Map;)Ljava/lang/Object;+214
j  com.sun.jna.Library$Handler.invoke(Ljava/lang/Object;Ljava/lang/reflect/Method;[Ljava/lang/Object;)Ljava/lang/Object;+341
j  com.sun.proxy.$Proxy0.libvlc_media_player_get_length(Luk/co/caprica/vlcj/binding/internal/libvlc_media_player_t;)J+16
j  uk.co.caprica.vlcj.player.DefaultMediaPlayer.getLength()J+19
j  VideoPlayer.Main.PlayerMain$1$1.doInBackground()Ljava/lang/String;+6
j  VideoPlayer.Main.PlayerMain$1$1.doInBackground()Ljava/lang/Object;+1
j  javax.swing.SwingWorker$1.call()Ljava/lang/Object;+14
j  java.util.concurrent.FutureTask.run()V+42
j  javax.swing.SwingWorker.run()V+4
j  java.util.concurrent.ThreadPoolExecutor.runWorker(Ljava/util/concurrent/ThreadPoolExecutor$Worker;)V+95
j  java.util.concurrent.ThreadPoolExecutor$Worker.run()V+5
j  java.lang.Thread.run()V+11
v  ~StubRoutines::call_stub

---------------  P R O C E S S  ---------------

Java Threads: ( => current thread )
  0x00000000176bc000 JavaThread "TimerQueue" daemon [_thread_blocked, id=10360, stack(0x0000000018cf0000,0x0000000018df0000)]
=>0x00000000176bb800 JavaThread "SwingWorker-pool-2-thread-1" daemon [_thread_in_native, id=8632, stack(0x0000000018bf0000,0x0000000018cf0000)]
  0x0000000000fee000 JavaThread "DestroyJavaVM" [_thread_blocked, id=3000, stack(0x0000000002b40000,0x0000000002c40000)]
  0x0000000016bd2000 JavaThread "AWT-EventQueue-0" [_thread_blocked, id=11268, stack(0x0000000017d60000,0x0000000017e60000)]
  0x0000000016b93800 JavaThread "AWT-Shutdown" [_thread_blocked, id=12628, stack(0x0000000017a50000,0x0000000017b50000)]
  0x0000000016b91000 JavaThread "Java2D Disposer" daemon [_thread_blocked, id=12928, stack(0x0000000017130000,0x0000000017230000)]
  0x00000000168b4000 JavaThread "Service Thread" daemon [_thread_blocked, id=14912, stack(0x0000000016f30000,0x0000000017030000)]
  0x0000000016839800 JavaThread "C1 CompilerThread2" daemon [_thread_blocked, id=12600, stack(0x0000000016e30000,0x0000000016f30000)]
  0x0000000016836800 JavaThread "C2 CompilerThread1" daemon [_thread_blocked, id=9008, stack(0x0000000016d30000,0x0000000016e30000)]
  0x000000001533d000 JavaThread "C2 CompilerThread0" daemon [_thread_blocked, id=1248, stack(0x0000000016c30000,0x0000000016d30000)]
  0x000000001533a800 JavaThread "Attach Listener" daemon [_thread_blocked, id=11248, stack(0x0000000016730000,0x0000000016830000)]
  0x00000000152f0000 JavaThread "Signal Dispatcher" daemon [_thread_blocked, id=7328, stack(0x0000000016630000,0x0000000016730000)]
  0x0000000002d36800 JavaThread "Finalizer" daemon [_thread_blocked, id=9520, stack(0x0000000016530000,0x0000000016630000)]
  0x00000000152a9000 JavaThread "Reference Handler" daemon [_thread_blocked, id=816, stack(0x0000000016430000,0x0000000016530000)]

Other Threads:
  0x00000000152a7000 VMThread [stack: 0x0000000016330000,0x0000000016430000] [id=8996]
  0x00000000168f9000 WatcherThread [stack: 0x0000000017030000,0x0000000017130000] [id=15048]

VM state:not at safepoint (normal execution)

VM Mutex/Monitor currently owned by a thread: None

Heap:
 PSYoungGen      total 18432K, used 16185K [0x00000000eb580000, 0x00000000eca00000, 0x0000000100000000)
  eden space 15872K, 85% used [0x00000000eb580000,0x00000000ec2d3f78,0x00000000ec500000)
  from space 2560K, 99% used [0x00000000ec780000,0x00000000ec9fa4f0,0x00000000eca00000)
  to   space 2560K, 0% used [0x00000000ec500000,0x00000000ec500000,0x00000000ec780000)
 ParOldGen       total 42496K, used 2388K [0x00000000c2000000, 0x00000000c4980000, 0x00000000eb580000)
  object space 42496K, 5% used [0x00000000c2000000,0x00000000c2255238,0x00000000c4980000)
 Metaspace       used 13198K, capacity 13492K, committed 13824K, reserved 1060864K
  class space    used 1589K, capacity 1676K, committed 1792K, reserved 1048576K

Card table byte_map: [0x0000000012100000,0x0000000012300000] byte_map_base: 0x0000000011af0000

Marking Bits: (ParMarkBitMap*) 0x000000006fdca5b0
 Begin Bits: [0x0000000012850000, 0x00000000137d0000)
 End Bits:   [0x00000000137d0000, 0x0000000014750000)

Polling page: 0x0000000000a90000

CodeCache: size=245760Kb used=4693Kb max_used=4698Kb free=241066Kb
 bounds [0x0000000002d40000, 0x00000000031e0000, 0x0000000011d40000]
 total_blobs=1728 nmethods=1228 adapters=412
 compilation: enabled

Compilation events (10 events):
Event: 7.598 Thread 0x0000000016839800 1224       3       sun.awt.im.InputContext::dispatchEvent (173 bytes)
Event: 7.602 Thread 0x0000000016839800 nmethod 1224 0x00000000031d2e50 code [0x00000000031d31a0, 0x00000000031d54e8]
Event: 7.739 Thread 0x000000001533d000 1225       4       java.util.concurrent.locks.ReentrantLock$Sync::tryRelease (45 bytes)
Event: 7.740 Thread 0x000000001533d000 nmethod 1225 0x00000000031d8ad0 code [0x00000000031d8c00, 0x00000000031d8cb8]
Event: 7.755 Thread 0x0000000016839800 1226       3       java.lang.Character::charCount (12 bytes)
Event: 7.755 Thread 0x0000000016839800 nmethod 1226 0x00000000031d8790 code [0x00000000031d88e0, 0x00000000031d8a70]
Event: 7.755 Thread 0x0000000016839800 1227       3       java.lang.System::getProperty (25 bytes)
Event: 7.756 Thread 0x0000000016839800 nmethod 1227 0x00000000031d7cd0 code [0x00000000031d7ea0, 0x00000000031d8508]
Event: 7.756 Thread 0x0000000016839800 1228       3       java.lang.reflect.Method::hashCode (19 bytes)
Event: 7.756 Thread 0x0000000016839800 nmethod 1228 0x00000000031d7450 code [0x00000000031d75e0, 0x00000000031d7b48]

GC Heap History (4 events):
Event: 1.002 GC heap before
{Heap before GC invocations=1 (full 0):
 PSYoungGen      total 18432K, used 14751K [0x00000000eb580000, 0x00000000eca00000, 0x0000000100000000)
  eden space 15872K, 92% used [0x00000000eb580000,0x00000000ec3e7c20,0x00000000ec500000)
  from space 2560K, 0% used [0x00000000ec780000,0x00000000ec780000,0x00000000eca00000)
  to   space 2560K, 0% used [0x00000000ec500000,0x00000000ec500000,0x00000000ec780000)
 ParOldGen       total 42496K, used 0K [0x00000000c2000000, 0x00000000c4980000, 0x00000000eb580000)
  object space 42496K, 0% used [0x00000000c2000000,0x00000000c2000000,0x00000000c4980000)
 Metaspace       used 12089K, capacity 12328K, committed 12672K, reserved 1060864K
  class space    used 1475K, capacity 1552K, committed 1664K, reserved 1048576K
Event: 1.008 GC heap after
Heap after GC invocations=1 (full 0):
 PSYoungGen      total 18432K, used 2551K [0x00000000eb580000, 0x00000000eca00000, 0x0000000100000000)
  eden space 15872K, 0% used [0x00000000eb580000,0x00000000eb580000,0x00000000ec500000)
  from space 2560K, 99% used [0x00000000ec500000,0x00000000ec77dd68,0x00000000ec780000)
  to   space 2560K, 0% used [0x00000000ec780000,0x00000000ec780000,0x00000000eca00000)
 ParOldGen       total 42496K, used 434K [0x00000000c2000000, 0x00000000c4980000, 0x00000000eb580000)
  object space 42496K, 1% used [0x00000000c2000000,0x00000000c206c8c8,0x00000000c4980000)
 Metaspace       used 12089K, capacity 12328K, committed 12672K, reserved 1060864K
  class space    used 1475K, capacity 1552K, committed 1664K, reserved 1048576K
}
Event: 4.856 GC heap before
{Heap before GC invocations=2 (full 0):
 PSYoungGen      total 18432K, used 18423K [0x00000000eb580000, 0x00000000eca00000, 0x0000000100000000)
  eden space 15872K, 100% used [0x00000000eb580000,0x00000000ec500000,0x00000000ec500000)
  from space 2560K, 99% used [0x00000000ec500000,0x00000000ec77dd68,0x00000000ec780000)
  to   space 2560K, 0% used [0x00000000ec780000,0x00000000ec780000,0x00000000eca00000)
 ParOldGen       total 42496K, used 434K [0x00000000c2000000, 0x00000000c4980000, 0x00000000eb580000)
  object space 42496K, 1% used [0x00000000c2000000,0x00000000c206c8c8,0x00000000c4980000)
 Metaspace       used 12909K, capacity 13204K, committed 13440K, reserved 1060864K
  class space    used 1556K, capacity 1644K, committed 1664K, reserved 1048576K
Event: 4.865 GC heap after
Heap after GC invocations=2 (full 0):
 PSYoungGen      total 18432K, used 2537K [0x00000000eb580000, 0x00000000eca00000, 0x0000000100000000)
  eden space 15872K, 0% used [0x00000000eb580000,0x00000000eb580000,0x00000000ec500000)
  from space 2560K, 99% used [0x00000000ec780000,0x00000000ec9fa4f0,0x00000000eca00000)
  to   space 2560K, 0% used [0x00000000ec500000,0x00000000ec500000,0x00000000ec780000)
 ParOldGen       total 42496K, used 2388K [0x00000000c2000000, 0x00000000c4980000, 0x00000000eb580000)
  object space 42496K, 5% used [0x00000000c2000000,0x00000000c2255238,0x00000000c4980000)
 Metaspace       used 12909K, capacity 13204K, committed 13440K, reserved 1060864K
  class space    used 1556K, capacity 1644K, committed 1664K, reserved 1048576K
}

Deoptimization events (10 events):
Event: 0.699 Thread 0x0000000016bd2000 Uncommon trap: reason=unstable_if action=reinterpret pc=0x0000000002eca490 method=java.lang.AbstractStringBuilder.append(Ljava/lang/String;)Ljava/lang/AbstractStringBuilder; @ 1
Event: 0.703 Thread 0x0000000016bd2000 Uncommon trap: reason=unstable_if action=reinterpret pc=0x0000000002ec3020 method=java.util.HashMap.hash(Ljava/lang/Object;)I @ 1
Event: 4.896 Thread 0x0000000017901800 Uncommon trap: reason=null_check action=make_not_entrant pc=0x000000000310ecc8 method=com.sun.jna.Native.getNativeSize(Ljava/lang/Class;Ljava/lang/Object;)I @ 83
Event: 4.902 Thread 0x0000000017904800 Uncommon trap: reason=null_check action=make_not_entrant pc=0x000000000310c3f8 method=com.sun.jna.Native.getNativeSize(Ljava/lang/Class;Ljava/lang/Object;)I @ 83
Event: 5.004 Thread 0x0000000017906000 Uncommon trap: reason=null_check action=make_not_entrant pc=0x0000000003126330 method=com.sun.jna.Native.getNativeSize(Ljava/lang/Class;)I @ 23
Event: 6.930 Thread 0x0000000016bd2000 Uncommon trap: reason=class_check action=maybe_recompile pc=0x0000000002ec1e5c method=java.lang.String.equals(Ljava/lang/Object;)Z @ 8
Event: 6.930 Thread 0x0000000016bd2000 Uncommon trap: reason=class_check action=maybe_recompile pc=0x0000000002ec1e5c method=java.lang.String.equals(Ljava/lang/Object;)Z @ 8
Event: 6.930 Thread 0x0000000016bd2000 Uncommon trap: reason=class_check action=maybe_recompile pc=0x0000000002ec1e5c method=java.lang.String.equals(Ljava/lang/Object;)Z @ 8
Event: 7.754 Thread 0x0000000016bd2000 Uncommon trap: reason=class_check action=maybe_recompile pc=0x0000000002ec1e5c method=java.lang.String.equals(Ljava/lang/Object;)Z @ 8
Event: 7.755 Thread 0x0000000016bd2000 Uncommon trap: reason=unstable_if action=reinterpret pc=0x000000000312d9e4 method=com.sun.jna.Native.getNativeSize(Ljava/lang/Class;)I @ 209

Internal exceptions (10 events):
Event: 0.662 Thread 0x0000000016bd2000 Exception <a 'java/io/FileNotFoundException'> (0x00000000ebd793a0) thrown at [C:\re\workspace\8-2-build-windows-amd64-cygwin\jdk8u60\4407\hotspot\src\share\vm\prims\jni.cpp, line 709]
Event: 0.698 Thread 0x0000000016bd2000 Implicit null exception at 0x0000000002ee4857 to 0x0000000002ee4be1
Event: 0.699 Thread 0x0000000016bd2000 Implicit null exception at 0x0000000002eca119 to 0x0000000002eca479
Event: 0.703 Thread 0x0000000016bd2000 Implicit null exception at 0x0000000002ec2e15 to 0x0000000002ec3011
Event: 0.732 Thread 0x0000000016bd2000 Exception <a 'java/lang/UnsatisfiedLinkError': æ‰¾ä¸åˆ°æŒ‡å®šçš„æ¨¡å—ã€‚
> (0x00000000ebed22f0) thrown at [C:\re\workspace\8-2-build-windows-amd64-cygwin\jdk8u60\4407\hotspot\src\share\vm\prims\jni.cpp, line 735]
Event: 0.733 Thread 0x0000000016bd2000 Exception <a 'java/lang/UnsatisfiedLinkError': æ‰¾ä¸åˆ°æŒ‡å®šçš„æ¨¡å—ã€‚
> (0x00000000ebed25f0) thrown at [C:\re\workspace\8-2-build-windows-amd64-cygwin\jdk8u60\4407\hotspot\src\share\vm\prims\jni.cpp, line 735]
Event: 0.733 Thread 0x0000000016bd2000 Exception <a 'java/lang/UnsatisfiedLinkError': æ‰¾ä¸åˆ°æŒ‡å®šçš„æ¨¡å—ã€‚
> (0x00000000ebed2978) thrown at [C:\re\workspace\8-2-build-windows-amd64-cygwin\jdk8u60\4407\hotspot\src\share\vm\prims\jni.cpp, line 735]
Event: 0.734 Thread 0x0000000016bd2000 Exception <a 'java/lang/UnsatisfiedLinkError'> (0x00000000ebed5558) thrown at [C:\re\workspace\8-2-build-windows-amd64-cygwin\jdk8u60\4407\hotspot\src\share\vm\oops\instanceKlass.cpp, line 945]
Event: 0.902 Thread 0x0000000016bd2000 Exception <a 'java/io/FileNotFoundException'> (0x00000000ec108548) thrown at [C:\re\workspace\8-2-build-windows-amd64-cygwin\jdk8u60\4407\hotspot\src\share\vm\prims\jni.cpp, line 709]
Event: 0.902 Thread 0x0000000016bd2000 Exception <a 'java/lang/NullPointerException'> (0x00000000ec108b80) thrown at [C:\re\workspace\8-2-build-windows-amd64-cygwin\jdk8u60\4407\hotspot\src\share\vm\interpreter\linkResolver.cpp, line 1178]

Events (10 events):
Event: 7.754 loading class javax/swing/plaf/basic/BasicPopupMenuUI$MouseGrabber$2
Event: 7.754 loading class javax/swing/plaf/basic/BasicPopupMenuUI$MouseGrabber$2 done
Event: 7.755 Thread 0x0000000016bd2000 Uncommon trap: trap_request=0xffffff65 fr.pc=0x000000000312d9e4
Event: 7.755 Thread 0x0000000016bd2000 DEOPT PACKING pc=0x000000000312d9e4 sp=0x0000000017e5c590
Event: 7.755 Thread 0x0000000016bd2000 DEOPT UNPACKING pc=0x0000000002d8582a sp=0x0000000017e5c570 mode 2
Event: 7.809 Thread 0x0000000017906000 Thread added: 0x0000000017906000
Event: 7.809 Thread 0x0000000017701000 Thread exited: 0x0000000017701000
Event: 7.809 Thread 0x0000000017904800 Thread added: 0x0000000017904800
Event: 7.809 Thread 0x0000000017906000 Thread exited: 0x0000000017906000
Event: 7.815 Thread 0x0000000016b96800 Thread exited: 0x0000000016b96800


Dynamic libraries:
0x00007ff6b7e30000 - 0x00007ff6b7e67000 	D:\Program Files\Java\jdk1.8.0_60\bin\javaw.exe
0x00007ffa6ef60000 - 0x00007ffa6f121000 	C:\WINDOWS\SYSTEM32\ntdll.dll
0x00007ffa6ecf0000 - 0x00007ffa6ed9d000 	C:\WINDOWS\system32\KERNEL32.DLL
0x00007ffa6c240000 - 0x00007ffa6c41d000 	C:\WINDOWS\system32\KERNELBASE.dll
0x00007ffa6d420000 - 0x00007ffa6d4c6000 	C:\WINDOWS\system32\ADVAPI32.dll
0x00007ffa6d4d0000 - 0x00007ffa6d56d000 	C:\WINDOWS\system32\msvcrt.dll
0x00007ffa6d6b0000 - 0x00007ffa6d70b000 	C:\WINDOWS\system32\sechost.dll
0x00007ffa6d570000 - 0x00007ffa6d696000 	C:\WINDOWS\system32\RPCRT4.dll
0x00007ffa6c6b0000 - 0x00007ffa6c7fe000 	C:\WINDOWS\system32\USER32.dll
0x00007ffa6cd60000 - 0x00007ffa6cee6000 	C:\WINDOWS\system32\GDI32.dll
0x00007ffa5f5c0000 - 0x00007ffa5f834000 	C:\WINDOWS\WinSxS\amd64_microsoft.windows.common-controls_6595b64144ccf1df_6.0.10240.16384_none_f41f7b285750ef43\COMCTL32.dll
0x00007ffa6c950000 - 0x00007ffa6c986000 	C:\WINDOWS\system32\IMM32.DLL
0x00007ffa6ee00000 - 0x00007ffa6ef5c000 	C:\WINDOWS\system32\MSCTF.dll
0x000000006f290000 - 0x000000006f362000 	D:\Program Files\Java\jdk1.8.0_60\jre\bin\msvcr100.dll
0x000000006f5c0000 - 0x000000006fe49000 	D:\Program Files\Java\jdk1.8.0_60\jre\bin\server\jvm.dll
0x00007ffa6bf80000 - 0x00007ffa6bfa3000 	C:\WINDOWS\system32\WINMM.dll
0x00007ffa6b780000 - 0x00007ffa6b7ac000 	C:\WINDOWS\system32\WINMMBASE.dll
0x00007ffa6c420000 - 0x00007ffa6c464000 	C:\WINDOWS\system32\cfgmgr32.dll
0x00007ffa65ad0000 - 0x00007ffa65ad9000 	C:\WINDOWS\SYSTEM32\WSOCK32.dll
0x00007ffa6b730000 - 0x00007ffa6b757000 	C:\WINDOWS\system32\DEVOBJ.dll
0x00007ffa6cbc0000 - 0x00007ffa6cbc8000 	C:\WINDOWS\system32\PSAPI.DLL
0x00007ffa6c800000 - 0x00007ffa6c869000 	C:\WINDOWS\system32\WS2_32.dll
0x00007ffa634b0000 - 0x00007ffa634ba000 	C:\WINDOWS\SYSTEM32\VERSION.dll
0x00007ffa6d710000 - 0x00007ffa6d718000 	C:\WINDOWS\system32\NSI.dll
0x000000006f4d0000 - 0x000000006f4df000 	D:\Program Files\Java\jdk1.8.0_60\jre\bin\verify.dll
0x000000006f4a0000 - 0x000000006f4c9000 	D:\Program Files\Java\jdk1.8.0_60\jre\bin\java.dll
0x000000006f480000 - 0x000000006f496000 	D:\Program Files\Java\jdk1.8.0_60\jre\bin\zip.dll
0x00007ffa6d720000 - 0x00007ffa6ec42000 	C:\WINDOWS\system32\SHELL32.dll
0x00007ffa6b830000 - 0x00007ffa6be58000 	C:\WINDOWS\system32\windows.storage.dll
0x00007ffa6d1a0000 - 0x00007ffa6d41c000 	C:\WINDOWS\system32\combase.dll
0x00007ffa6d040000 - 0x00007ffa6d091000 	C:\WINDOWS\system32\shlwapi.dll
0x00007ffa6b7b0000 - 0x00007ffa6b7bf000 	C:\WINDOWS\system32\kernel.appcore.dll
0x00007ffa6c180000 - 0x00007ffa6c233000 	C:\WINDOWS\system32\shcore.dll
0x00007ffa6b7e0000 - 0x00007ffa6b82a000 	C:\WINDOWS\system32\powrprof.dll
0x00007ffa6b7c0000 - 0x00007ffa6b7d3000 	C:\WINDOWS\system32\profapi.dll
0x00007ffa6afa0000 - 0x00007ffa6afb7000 	C:\WINDOWS\SYSTEM32\CRYPTSP.dll
0x00007ffa6b660000 - 0x00007ffa6b688000 	C:\WINDOWS\SYSTEM32\bcrypt.dll
0x00007ffa6abf0000 - 0x00007ffa6ac23000 	C:\WINDOWS\system32\rsaenh.dll
0x00007ffa6ace0000 - 0x00007ffa6acff000 	C:\WINDOWS\SYSTEM32\USERENV.dll
0x00007ffa6b550000 - 0x00007ffa6b5bb000 	C:\WINDOWS\system32\bcryptprimitives.dll
0x00007ffa6b110000 - 0x00007ffa6b11b000 	C:\WINDOWS\SYSTEM32\CRYPTBASE.dll
0x000000006f460000 - 0x000000006f47a000 	D:\Program Files\Java\jdk1.8.0_60\jre\bin\net.dll
0x00007ffa6af40000 - 0x00007ffa6af9d000 	C:\WINDOWS\system32\mswsock.dll
0x00007ffa678b0000 - 0x00007ffa678e8000 	C:\WINDOWS\SYSTEM32\IPHLPAPI.DLL
0x00007ffa67850000 - 0x00007ffa6785b000 	C:\WINDOWS\SYSTEM32\WINNSI.DLL
0x00007ffa66990000 - 0x00007ffa669a6000 	C:\WINDOWS\SYSTEM32\dhcpcsvc6.DLL
0x00007ffa66970000 - 0x00007ffa6698a000 	C:\WINDOWS\SYSTEM32\dhcpcsvc.DLL
0x000000006f440000 - 0x000000006f451000 	D:\Program Files\Java\jdk1.8.0_60\jre\bin\nio.dll
0x00007ffa54c40000 - 0x00007ffa54c77000 	C:\Users\Administrator.E7EI8PN5T4MLBYK\AppData\Local\Temp\jna-Administrator\jna3630853473288083105.dll
0x000000006f3e0000 - 0x000000006f40d000 	D:\Users\Administrator.E7EI8PN5T4MLBYK\workspace\VideoPlayer\libvlc.dll
0x000000006efe0000 - 0x000000006f28c000 	D:\Users\Administrator.E7EI8PN5T4MLBYK\workspace\VideoPlayer\libvlccore.dll
0x000000006ee40000 - 0x000000006efd8000 	D:\Program Files\Java\jdk1.8.0_60\jre\bin\awt.dll
0x00007ffa6cca0000 - 0x00007ffa6cd5e000 	C:\WINDOWS\system32\OLEAUT32.dll
0x00007ffa69f90000 - 0x00007ffa6a008000 	C:\WINDOWS\system32\apphelp.dll
0x00007ffa6a030000 - 0x00007ffa6a0c6000 	C:\WINDOWS\system32\uxtheme.dll
0x00007ffa69450000 - 0x00007ffa69472000 	C:\WINDOWS\system32\dwmapi.dll
0x00007ffa6cef0000 - 0x00007ffa6d031000 	C:\WINDOWS\system32\ole32.dll
0x000000006f3c0000 - 0x000000006f3d4000 	D:\Users\Administrator.E7EI8PN5T4MLBYK\workspace\VideoPlayer\plugins\audio_output\libdirectsound_plugin.dll
0x000000006f3a0000 - 0x000000006f3b3000 	D:\Users\Administrator.E7EI8PN5T4MLBYK\workspace\VideoPlayer\plugins\audio_output\libwaveout_plugin.dll
0x000000006f380000 - 0x000000006f39f000 	D:\Users\Administrator.E7EI8PN5T4MLBYK\workspace\VideoPlayer\plugins\video_output\libdirect3d_plugin.dll
0x000000006ee20000 - 0x000000006ee3d000 	D:\Users\Administrator.E7EI8PN5T4MLBYK\workspace\VideoPlayer\plugins\video_output\libdirectdraw_plugin.dll
0x00007ffa6ec50000 - 0x00007ffa6ecec000 	C:\WINDOWS\system32\DSOUND.DLL
0x00007ffa6cbf0000 - 0x00007ffa6cc95000 	C:\WINDOWS\system32\clbcatq.dll
0x00007ffa63740000 - 0x00007ffa637b2000 	C:\WINDOWS\System32\MMDevApi.dll
0x00007ffa694d0000 - 0x00007ffa69653000 	C:\WINDOWS\System32\PROPSYS.dll
0x000000006edd0000 - 0x000000006ee17000 	D:\Program Files\Java\jdk1.8.0_60\jre\bin\fontmanager.dll
0x000000006ed80000 - 0x000000006edc2000 	D:\Program Files\Java\jdk1.8.0_60\jre\bin\t2k.dll
0x000000006ed50000 - 0x000000006ed7a000 	D:\Program Files\Java\jdk1.8.0_60\jre\bin\dcpr.dll
0x00007ffa69670000 - 0x00007ffa69677000 	C:\WINDOWS\system32\MSIMG32.dll
0x00007ffa6aa70000 - 0x00007ffa6aaa2000 	C:\WINDOWS\SYSTEM32\ntmarta.dll
0x00007ffa56560000 - 0x00007ffa56ddc000 	C:\WINDOWS\system32\SogouPy.ime
0x00007ffa61ba0000 - 0x00007ffa61c09000 	C:\WINDOWS\SYSTEM32\OLEACC.dll
0x000000001ba80000 - 0x000000001bb5d000 	D:\Program Files\sogoupinyin\7.8.0.7293\Resource.dll
0x00007ffa65e30000 - 0x00007ffa6605b000 	D:\Program Files\sogoupinyin\Components\PicFace\1.0.0.1394\PicFace64.dll
0x000000006f370000 - 0x000000006f377000 	D:\Program Files\Java\jdk1.8.0_60\jre\bin\jawt.dll
0x000000006eae0000 - 0x000000006ed48000 	D:\Users\Administrator.E7EI8PN5T4MLBYK\workspace\VideoPlayer\plugins\access\liblibbluray_plugin.dll
0x000000006eab0000 - 0x000000006ead6000 	D:\Users\Administrator.E7EI8PN5T4MLBYK\workspace\VideoPlayer\plugins\access\libaccess_bd_plugin.dll
0x000000006ea60000 - 0x000000006eaab000 	D:\Users\Administrator.E7EI8PN5T4MLBYK\workspace\VideoPlayer\plugins\access\libdvdnav_plugin.dll
0x000000006ea40000 - 0x000000006ea5f000 	D:\Users\Administrator.E7EI8PN5T4MLBYK\workspace\VideoPlayer\plugins\access\libvdr_plugin.dll
0x000000006ea20000 - 0x000000006ea38000 	D:\Users\Administrator.E7EI8PN5T4MLBYK\workspace\VideoPlayer\plugins\access\libfilesystem_plugin.dll
0x000000006ea00000 - 0x000000006ea1b000 	D:\Users\Administrator.E7EI8PN5T4MLBYK\workspace\VideoPlayer\plugins\stream_filter\libsmooth_plugin.dll
0x000000006e950000 - 0x000000006e9fe000 	D:\Users\Administrator.E7EI8PN5T4MLBYK\workspace\VideoPlayer\plugins\stream_filter\libhttplive_plugin.dll
0x000000006e920000 - 0x000000006e94b000 	D:\Users\Administrator.E7EI8PN5T4MLBYK\workspace\VideoPlayer\plugins\access\libzip_plugin.dll
0x000000006e900000 - 0x000000006e916000 	D:\Users\Administrator.E7EI8PN5T4MLBYK\workspace\VideoPlayer\plugins\access\librar_plugin.dll
0x000000006e8f0000 - 0x000000006e8ff000 	D:\Users\Administrator.E7EI8PN5T4MLBYK\workspace\VideoPlayer\plugins\stream_filter\librecord_plugin.dll
0x000000006e8a0000 - 0x000000006e8e2000 	D:\Users\Administrator.E7EI8PN5T4MLBYK\workspace\VideoPlayer\plugins\demux\libmp4_plugin.dll
0x000000006e840000 - 0x000000006e899000 	D:\Users\Administrator.E7EI8PN5T4MLBYK\workspace\VideoPlayer\plugins\codec\libjpeg_plugin.dll
0x000000006e820000 - 0x000000006e831000 	D:\Users\Administrator.E7EI8PN5T4MLBYK\workspace\VideoPlayer\plugins\codec\libcdg_plugin.dll
0x000000006e7c0000 - 0x000000006e81e000 	D:\Users\Administrator.E7EI8PN5T4MLBYK\workspace\VideoPlayer\plugins\codec\libpng_plugin.dll
0x000000006e640000 - 0x000000006e7bb000 	D:\Users\Administrator.E7EI8PN5T4MLBYK\workspace\VideoPlayer\plugins\codec\libschroedinger_plugin.dll
0x000000006e560000 - 0x000000006e635000 	D:\Users\Administrator.E7EI8PN5T4MLBYK\workspace\VideoPlayer\plugins\codec\libvorbis_plugin.dll
0x000000006e500000 - 0x000000006e55a000 	D:\Users\Administrator.E7EI8PN5T4MLBYK\workspace\VideoPlayer\plugins\codec\libtheora_plugin.dll
0x000000006e4e0000 - 0x000000006e4f1000 	D:\Users\Administrator.E7EI8PN5T4MLBYK\workspace\VideoPlayer\plugins\codec\libdts_plugin.dll
0x000000006e4c0000 - 0x000000006e4d5000 	D:\Users\Administrator.E7EI8PN5T4MLBYK\workspace\VideoPlayer\plugins\codec\libaraw_plugin.dll
0x000000006e4a0000 - 0x000000006e4b7000 	D:\Users\Administrator.E7EI8PN5T4MLBYK\workspace\VideoPlayer\plugins\codec\libsubstx3g_plugin.dll
0x000000006e420000 - 0x000000006e494000 	D:\Users\Administrator.E7EI8PN5T4MLBYK\workspace\VideoPlayer\plugins\codec\libflac_plugin.dll
0x000000006e400000 - 0x000000006e413000 	D:\Users\Administrator.E7EI8PN5T4MLBYK\workspace\VideoPlayer\plugins\codec\libg711_plugin.dll
0x000000006e3f0000 - 0x000000006e400000 	D:\Users\Administrator.E7EI8PN5T4MLBYK\workspace\VideoPlayer\plugins\codec\libaes3_plugin.dll
0x000000006e3b0000 - 0x000000006e3e9000 	D:\Users\Administrator.E7EI8PN5T4MLBYK\workspace\VideoPlayer\plugins\codec\libspeex_plugin.dll
0x000000006e1e0000 - 0x000000006e3a5000 	D:\Users\Administrator.E7EI8PN5T4MLBYK\workspace\VideoPlayer\plugins\codec\liblibass_plugin.dll
0x000000006e170000 - 0x000000006e1df000 	D:\Users\Administrator.E7EI8PN5T4MLBYK\workspace\VideoPlayer\plugins\codec\libfaad_plugin.dll
0x000000006e150000 - 0x000000006e161000 	D:\Users\Administrator.E7EI8PN5T4MLBYK\workspace\VideoPlayer\plugins\codec\liba52_plugin.dll
0x000000006e140000 - 0x000000006e150000 	D:\Users\Administrator.E7EI8PN5T4MLBYK\workspace\VideoPlayer\plugins\codec\libmpeg_audio_plugin.dll
0x000000006e120000 - 0x000000006e131000 	D:\Users\Administrator.E7EI8PN5T4MLBYK\workspace\VideoPlayer\plugins\codec\liblpcm_plugin.dll
0x000000006e0a0000 - 0x000000006e118000 	D:\Users\Administrator.E7EI8PN5T4MLBYK\workspace\VideoPlayer\plugins\codec\libopus_plugin.dll
0x000000006e070000 - 0x000000006e099000 	D:\Users\Administrator.E7EI8PN5T4MLBYK\workspace\VideoPlayer\plugins\codec\libdvbsub_plugin.dll
0x000000006e050000 - 0x000000006e061000 	D:\Users\Administrator.E7EI8PN5T4MLBYK\workspace\VideoPlayer\plugins\codec\libspudec_plugin.dll
0x000000006cbb0000 - 0x000000006e04f000 	D:\Users\Administrator.E7EI8PN5T4MLBYK\workspace\VideoPlayer\plugins\codec\libavcodec_plugin.dll
0x000000006cb50000 - 0x000000006cbac000 	D:\Users\Administrator.E7EI8PN5T4MLBYK\workspace\VideoPlayer\plugins\lua\liblua_plugin.dll
0x000000006ca60000 - 0x000000006cb43000 	D:\Users\Administrator.E7EI8PN5T4MLBYK\workspace\VideoPlayer\plugins\text_renderer\libfreetype_plugin.dll
0x000000006ca40000 - 0x000000006ca55000 	D:\Users\Administrator.E7EI8PN5T4MLBYK\workspace\VideoPlayer\plugins\video_chroma\libi420_yuy2_sse2_plugin.dll
0x000000006ca20000 - 0x000000006ca32000 	D:\Users\Administrator.E7EI8PN5T4MLBYK\workspace\VideoPlayer\plugins\video_chroma\libi420_yuy2_mmx_plugin.dll
0x000000006c950000 - 0x000000006ca1c000 	D:\Users\Administrator.E7EI8PN5T4MLBYK\workspace\VideoPlayer\plugins\video_chroma\libswscale_plugin.dll
0x00007ffa5ff10000 - 0x00007ffa5ff95000 	C:\WINDOWS\SYSTEM32\AUDIOSES.DLL
0x00007ffa66bf0000 - 0x00007ffa66d21000 	C:\WINDOWS\SYSTEM32\wintypes.dll
0x000000006c930000 - 0x000000006c943000 	D:\Users\Administrator.E7EI8PN5T4MLBYK\workspace\VideoPlayer\plugins\video_chroma\libi422_yuy2_sse2_plugin.dll
0x000000006c900000 - 0x000000006c929000 	D:\Users\Administrator.E7EI8PN5T4MLBYK\workspace\VideoPlayer\plugins\video_chroma\libi420_rgb_sse2_plugin.dll
0x000000006c8e0000 - 0x000000006c8f9000 	D:\Users\Administrator.E7EI8PN5T4MLBYK\workspace\VideoPlayer\plugins\video_chroma\libi420_rgb_mmx_plugin.dll
0x000000006c8c0000 - 0x000000006c8d1000 	D:\Users\Administrator.E7EI8PN5T4MLBYK\workspace\VideoPlayer\plugins\video_chroma\libi422_yuy2_mmx_plugin.dll
0x000000006c8a0000 - 0x000000006c8b4000 	D:\Users\Administrator.E7EI8PN5T4MLBYK\workspace\VideoPlayer\plugins\video_chroma\libyuy2_i422_plugin.dll
0x000000006c880000 - 0x000000006c891000 	D:\Users\Administrator.E7EI8PN5T4MLBYK\workspace\VideoPlayer\plugins\video_chroma\libgrey_yuv_plugin.dll
0x000000006c860000 - 0x000000006c878000 	D:\Users\Administrator.E7EI8PN5T4MLBYK\workspace\VideoPlayer\plugins\video_chroma\libyuy2_i420_plugin.dll
0x000000006c840000 - 0x000000006c853000 	D:\Users\Administrator.E7EI8PN5T4MLBYK\workspace\VideoPlayer\plugins\video_chroma\libi422_yuy2_plugin.dll
0x000000006c820000 - 0x000000006c836000 	D:\Users\Administrator.E7EI8PN5T4MLBYK\workspace\VideoPlayer\plugins\video_chroma\libi420_yuy2_plugin.dll
0x000000006c800000 - 0x000000006c813000 	D:\Users\Administrator.E7EI8PN5T4MLBYK\workspace\VideoPlayer\plugins\video_chroma\libi420_rgb_plugin.dll
0x000000006c7f0000 - 0x000000006c800000 	D:\Users\Administrator.E7EI8PN5T4MLBYK\workspace\VideoPlayer\plugins\video_chroma\libi422_i420_plugin.dll
0x000000006c7e0000 - 0x000000006c7f0000 	D:\Users\Administrator.E7EI8PN5T4MLBYK\workspace\VideoPlayer\plugins\video_filter\libscale_plugin.dll
0x000000006c7d0000 - 0x000000006c7e0000 	D:\Users\Administrator.E7EI8PN5T4MLBYK\workspace\VideoPlayer\plugins\video_filter\libyuvp_plugin.dll

VM Arguments:
jvm_args: -Dfile.encoding=GBK 
java_command: VideoPlayer.Main.PlayerMain
java_class_path (initial): D:\Users\Administrator.E7EI8PN5T4MLBYK\workspace\VideoPlayer\bin;D:\Users\Administrator.E7EI8PN5T4MLBYK\workspace\VideoPlayer\lib\jna-3.5.2.jar;D:\Users\Administrator.E7EI8PN5T4MLBYK\workspace\VideoPlayer\lib\platform-3.5.2.jar;D:\Users\Administrator.E7EI8PN5T4MLBYK\workspace\VideoPlayer\lib\slf4j-api-1.7.13.jar;D:\Users\Administrator.E7EI8PN5T4MLBYK\workspace\VideoPlayer\lib\slf4j-nop-1.7.13.jar;D:\Users\Administrator.E7EI8PN5T4MLBYK\workspace\VideoPlayer\lib\vlcj-3.8.0.jar
Launcher Type: SUN_STANDARD

Environment Variables:
JAVA_HOME=D:\Program Files\Java\jdk1.8.0_60
CLASSPATH=.;D:\Program Files\Java\jdk1.8.0_60\lib;D:\Program Files\Java\jdk1.8.0_60\lib\tools.jar;D:\Program Files\apache-tomcat-8.0.29\bin\BIN
PATH=D:/Program Files/Java/jdk1.8.0_60/bin/../jre/bin/server;D:/Program Files/Java/jdk1.8.0_60/bin/../jre/bin;D:/Program Files/Java/jdk1.8.0_60/bin/../jre/lib/amd64;D:\app\Administrator\product\11.2.0\dbhome_1\bin;D:\Program Files\Java\jdk1.8.0_60\bin;C:\WINDOWS\system32;C:\WINDOWS;C:\WINDOWS\System32\Wbem;C:\WINDOWS\System32\WindowsPowerShell\v1.0\£»D:\Program Files\Java\jdk1.8.0_60\jre\bin;C:\Program Files (x86)\Windows Kits\8.1\Windows Performance Toolkit\;C:\Program Files\Microsoft SQL Server\110\Tools\Binn\;C:\Program Files (x86)\Microsoft SDKs\TypeScript\1.0\;C:\Program Files\Microsoft SQL Server\120\Tools\Binn\;C:\Program Files (x86)\ATI Technologies\ATI.ACE\Core-Static;D:\Program Files (x86)\openCV\opencv\build\x64\vc12\bin;D:\Program Files (x86)\openCV\opencv\build\x86\vc12\bin;D:\Program Files (x86)\Microsoft Visual Studio\Common\Tools\WinNT;D:\Program Files (x86)\Microsoft Visual Studio\Common\MSDev98\Bin;D:\Program Files (x86)\Microsoft Visual Studio\Common\Tools;D:\Program Files (x86)\Microsoft Visual Studio\VC98\bin;D:\Program Files (x86)\eclipse;
USERNAME=Administrator
OS=Windows_NT
PROCESSOR_IDENTIFIER=Intel64 Family 6 Model 58 Stepping 9, GenuineIntel



---------------  S Y S T E M  ---------------

OS: Windows 10.0 , 64 bit Build 10240 (10.0.10240.16384)

CPU:total 4 (2 cores per cpu, 2 threads per core) family 6 model 58 stepping 9, cmov, cx8, fxsr, mmx, sse, sse2, sse3, ssse3, sse4.1, sse4.2, popcnt, avx, clmul, erms, ht, tsc, tscinvbit, tscinv

Memory: 4k page, physical 4060004k(1184528k free), swap 7161756k(3480536k free)

vm_info: Java HotSpot(TM) 64-Bit Server VM (25.60-b23) for windows-amd64 JRE (1.8.0_60-b27), built on Aug  4 2015 11:06:27 by "java_re" with MS VC++ 10.0 (VS2010)

time: Thu Dec 31 08:53:57 2015
elapsed time: 7 seconds (0d 0h 0m 7s)

