#
# A fatal error has been detected by the Java Runtime Environment:
#
#  EXCEPTION_ACCESS_VIOLATION (0xc0000005) at pc=0x00007ffa6ef95b6b, pid=6640, tid=604
#
# JRE version: Java(TM) SE Runtime Environment (8.0_60-b27) (build 1.8.0_60-b27)
# Java VM: Java HotSpot(TM) 64-Bit Server VM (25.60-b23 mixed mode windows-amd64 compressed oops)
# Problematic frame:
# C  [ntdll.dll+0x35b6b]
#
# Failed to write core dump. Minidumps are not enabled by default on client versions of Windows
#
# If you would like to submit a bug report, please visit:
#   http://bugreport.java.com/bugreport/crash.jsp
# The crash happened outside the Java Virtual Machine in native code.
# See problematic frame for where to report the bug.
#

---------------  T H R E A D  ---------------

Current thread (0x0000000017d41800):  JavaThread "SwingWorker-pool-2-thread-1" daemon [_thread_in_native, id=604, stack(0x0000000019320000,0x0000000019420000)]

siginfo: ExceptionCode=0xc0000005, writing address 0x0000000000000024

Registers:
RAX=0x0000000000000000, RBX=0x0000000018bb0308, RCX=0x0000000018bb0308, RDX=0xffffffffffffffff
RSP=0x000000001941de00, RBP=0x00007ff6b6eba000, RSI=0x0000000000000000, RDI=0x0000000000000000
R8 =0x0000000000000000, R9 =0x00007ffa54c505fa, R10=0x0000000000000116, R11=0x000000001941df90
R12=0x0000000000000000, R13=0x00000000c2419368, R14=0x0000000000000001, R15=0x0000000000000000
RIP=0x00007ffa6ef95b6b, EFLAGS=0x0000000000010213

Top of Stack: (sp=0x000000001941de00)
0x000000001941de00:   ffffffffffffffff 0000000018bb0308
0x000000001941de10:   0000000017047408 000000001941dfc8
0x000000001941de20:   00000000000003d8 0000000017047030
0x000000001941de30:   0000000017d41900 00000000fffffffa
0x000000001941de40:   00007ff6b6eba000 0000000018506200
0x000000001941de50:   0000000001720000 0000000000000000
0x000000001941de60:   0000000000000000 000000001532aa98
0x000000001941de70:   0000000017d41800 00007ffa6d4e9c30
0x000000001941de80:   0000207c3474c3ef 0000000000000000
0x000000001941de90:   0000000000000003 0000000000000001
0x000000001941dea0:   00000000c2419368 0000000000000000
0x000000001941deb0:   0000000000000000 0000000000000000
0x000000001941dec0:   0000000000000001 00007ffa6ef95069
0x000000001941ded0:   000000001941dfc0 000000001941de88
0x000000001941dee0:   0000000018bb0308 00007ffa54c411bb
0x000000001941def0:   0000000017d41800 000000001941e6c8 

Instructions: (pc=0x00007ffa6ef95b6b)
0x00007ffa6ef95b4b:   48 39 7b 18 0f 84 c0 00 00 00 48 83 3b ff 0f 84
0x00007ffa6ef95b5b:   c3 00 00 00 48 8b 03 44 8b e7 48 83 f8 ff 74 03
0x00007ffa6ef95b6b:   ff 40 24 4c 8b 6b 18 4c 8d 35 37 c5 10 00 33 ed
0x00007ffa6ef95b7b:   b8 82 03 fe 7f 8a 08 84 c9 0f 85 60 15 07 00 49 


Register to memory mapping:

RAX=0x0000000000000000 is an unknown value
RBX=0x0000000018bb0308 is an unknown value
RCX=0x0000000018bb0308 is an unknown value
RDX=0xffffffffffffffff is an unknown value
RSP=0x000000001941de00 is pointing into the stack for thread: 0x0000000017d41800
RBP=0x00007ff6b6eba000 is an unknown value
RSI=0x0000000000000000 is an unknown value
RDI=0x0000000000000000 is an unknown value
R8 =0x0000000000000000 is an unknown value
R9 =0x00007ffa54c505fa is an unknown value
R10=0x0000000000000116 is an unknown value
R11=0x000000001941df90 is pointing into the stack for thread: 0x0000000017d41800
R12=0x0000000000000000 is an unknown value
R13=0x00000000c2419368 is an oop
java.lang.reflect.Method 
 - klass: 'java/lang/reflect/Method'
R14=0x0000000000000001 is an unknown value
R15=0x0000000000000000 is an unknown value


Stack: [0x0000000019320000,0x0000000019420000],  sp=0x000000001941de00,  free space=1015k
Native frames: (J=compiled Java code, j=interpreted, Vv=VM code, C=native code)
C  [ntdll.dll+0x35b6b]
C  [ntdll.dll+0x35069]
C  [ntdll.dll+0x34f80]
C  [libvlc.dll+0xe2a5]
C  [jna5343716791768646710.dll+0x176f3]
C  [jna5343716791768646710.dll+0xffe7]
C  [jna5343716791768646710.dll+0x3d1a]
C  [jna5343716791768646710.dll+0x4e97]
C  0x00000000037a40a3

Java frames: (J=compiled Java code, j=interpreted, Vv=VM code)
J 1261  com.sun.jna.Native.invokeLong(JI[Ljava/lang/Object;)J (0 bytes) @ 0x00000000037a401d [0x00000000037a3fc0+0x5d]
J 1179 C1 com.sun.jna.Function.invoke([Ljava/lang/Object;Ljava/lang/Class;Z)Ljava/lang/Object; (1149 bytes) @ 0x0000000003756dcc [0x000000000374fe20+0x6fac]
J 1178 C1 com.sun.jna.Function.invoke(Ljava/lang/Class;[Ljava/lang/Object;Ljava/util/Map;)Ljava/lang/Object; (526 bytes) @ 0x0000000003749efc [0x0000000003748c40+0x12bc]
J 1177 C1 com.sun.jna.Library$Handler.invoke(Ljava/lang/Object;Ljava/lang/reflect/Method;[Ljava/lang/Object;)Ljava/lang/Object; (345 bytes) @ 0x00000000037462d4 [0x0000000003744040+0x2294]
J 1494 C1 com.sun.proxy.$Proxy0.libvlc_media_player_get_length(Luk/co/caprica/vlcj/binding/internal/libvlc_media_player_t;)J (39 bytes) @ 0x000000000385b54c [0x000000000385b280+0x2cc]
J 1493 C1 uk.co.caprica.vlcj.player.DefaultMediaPlayer.getLength()J (25 bytes) @ 0x000000000385ae6c [0x000000000385ace0+0x18c]
j  VideoPlayer.Main.PlayerMain$1$1.doInBackground()Ljava/lang/String;+6
j  VideoPlayer.Main.PlayerMain$1$1.doInBackground()Ljava/lang/Object;+1
j  javax.swing.SwingWorker$1.call()Ljava/lang/Object;+14
j  java.util.concurrent.FutureTask.run()V+42
j  javax.swing.SwingWorker.run()V+4
j  java.util.concurrent.ThreadPoolExecutor.runWorker(Ljava/util/concurrent/ThreadPoolExecutor$Worker;)V+95
j  java.util.concurrent.ThreadPoolExecutor$Worker.run()V+5
j  java.lang.Thread.run()V+11
v  ~StubRoutines::call_stub

---------------  P R O C E S S  ---------------

Java Threads: ( => current thread )
  0x0000000017d48800 JavaThread "TimerQueue" daemon [_thread_blocked, id=12776, stack(0x0000000019420000,0x0000000019520000)]
=>0x0000000017d41800 JavaThread "SwingWorker-pool-2-thread-1" daemon [_thread_in_native, id=604, stack(0x0000000019320000,0x0000000019420000)]
  0x000000000320e000 JavaThread "DestroyJavaVM" [_thread_blocked, id=11348, stack(0x0000000003090000,0x0000000003190000)]
  0x0000000017a35000 JavaThread "AWT-EventQueue-0" [_thread_blocked, id=7548, stack(0x0000000018400000,0x0000000018500000)]
  0x00000000172cd800 JavaThread "AWT-Shutdown" [_thread_blocked, id=668, stack(0x0000000018130000,0x0000000018230000)]
  0x00000000172cc800 JavaThread "Java2D Disposer" daemon [_thread_blocked, id=12160, stack(0x0000000017800000,0x0000000017900000)]
  0x0000000017022000 JavaThread "Service Thread" daemon [_thread_blocked, id=11796, stack(0x00000000175a0000,0x00000000176a0000)]
  0x0000000016fa5000 JavaThread "C1 CompilerThread2" daemon [_thread_blocked, id=12260, stack(0x00000000174a0000,0x00000000175a0000)]
  0x000000001590c800 JavaThread "C2 CompilerThread1" daemon [_thread_blocked, id=9124, stack(0x00000000173a0000,0x00000000174a0000)]
  0x000000001590a000 JavaThread "C2 CompilerThread0" daemon [_thread_blocked, id=4128, stack(0x0000000016ea0000,0x0000000016fa0000)]
  0x00000000158bf800 JavaThread "Attach Listener" daemon [_thread_blocked, id=4440, stack(0x0000000016da0000,0x0000000016ea0000)]
  0x00000000158be000 JavaThread "Signal Dispatcher" daemon [_thread_blocked, id=12096, stack(0x0000000016ca0000,0x0000000016da0000)]
  0x0000000003307000 JavaThread "Finalizer" daemon [_thread_blocked, id=1276, stack(0x0000000016b40000,0x0000000016c40000)]
  0x00000000032fe000 JavaThread "Reference Handler" daemon [_thread_blocked, id=13128, stack(0x0000000016a40000,0x0000000016b40000)]

Other Threads:
  0x0000000015876800 VMThread [stack: 0x0000000016940000,0x0000000016a40000] [id=12924]
  0x000000001704d800 WatcherThread [stack: 0x00000000176a0000,0x00000000177a0000] [id=7184]

VM state:not at safepoint (normal execution)

VM Mutex/Monitor currently owned by a thread: None

Heap:
 PSYoungGen      total 20992K, used 5106K [0x00000000eb580000, 0x00000000ecf00000, 0x0000000100000000)
  eden space 15872K, 29% used [0x00000000eb580000,0x00000000eba248a8,0x00000000ec500000)
  from space 5120K, 6% used [0x00000000eca00000,0x00000000eca58000,0x00000000ecf00000)
  to   space 5120K, 0% used [0x00000000ec500000,0x00000000ec500000,0x00000000eca00000)
 ParOldGen       total 42496K, used 5684K [0x00000000c2000000, 0x00000000c4980000, 0x00000000eb580000)
  object space 42496K, 13% used [0x00000000c2000000,0x00000000c258d2f0,0x00000000c4980000)
 Metaspace       used 16482K, capacity 16794K, committed 17152K, reserved 1064960K
  class space    used 2092K, capacity 2195K, committed 2304K, reserved 1048576K

Card table byte_map: [0x00000000126d0000,0x00000000128d0000] byte_map_base: 0x00000000120c0000

Marking Bits: (ParMarkBitMap*) 0x000000006fdca5b0
 Begin Bits: [0x0000000012e20000, 0x0000000013da0000)
 End Bits:   [0x0000000013da0000, 0x0000000014d20000)

Polling page: 0x0000000002d00000

CodeCache: size=245760Kb used=7087Kb max_used=7087Kb free=238672Kb
 bounds [0x0000000003310000, 0x0000000003a10000, 0x0000000012310000]
 total_blobs=2608 nmethods=2084 adapters=436
 compilation: enabled

Compilation events (10 events):
Event: 95.702 Thread 0x0000000016fa5000 2244       3       sun.swing.MenuItemLayoutHelper$RectSize::access$302 (7 bytes)
Event: 95.703 Thread 0x0000000016fa5000 nmethod 2244 0x0000000003663550 code [0x00000000036636a0, 0x00000000036637d0]
Event: 96.054 Thread 0x0000000016fa5000 2245       3       java.util.Hashtable$Enumerator::hasMoreElements (53 bytes)
Event: 96.055 Thread 0x0000000016fa5000 nmethod 2245 0x00000000039f9cd0 code [0x00000000039f9e40, 0x00000000039fa110]
Event: 96.055 Thread 0x0000000016fa5000 2246       3       java.util.regex.Pattern$CharProperty::match (56 bytes)
Event: 96.055 Thread 0x0000000016fa5000 nmethod 2246 0x0000000003a03850 code [0x0000000003a03a00, 0x0000000003a03ee8]
Event: 96.055 Thread 0x0000000016fa5000 2247       3       java.util.regex.Pattern$Node::match (27 bytes)
Event: 96.055 Thread 0x0000000016fa5000 nmethod 2247 0x00000000039f9850 code [0x00000000039f99c0, 0x00000000039f9b70]
Event: 96.055 Thread 0x0000000016fa5000 2248       3       java.util.regex.Pattern$Dot::isSatisfiedBy (34 bytes)
Event: 96.056 Thread 0x0000000016fa5000 nmethod 2248 0x0000000003a03410 code [0x0000000003a03580, 0x0000000003a037f0]

GC Heap History (10 events):
Event: 48.162 GC heap before
{Heap before GC invocations=6 (full 0):
 PSYoungGen      total 18432K, used 18408K [0x00000000eb580000, 0x00000000ece00000, 0x0000000100000000)
  eden space 15872K, 100% used [0x00000000eb580000,0x00000000ec500000,0x00000000ec500000)
  from space 2560K, 99% used [0x00000000ec500000,0x00000000ec77a020,0x00000000ec780000)
  to   space 4608K, 0% used [0x00000000ec980000,0x00000000ec980000,0x00000000ece00000)
 ParOldGen       total 42496K, used 3177K [0x00000000c2000000, 0x00000000c4980000, 0x00000000eb580000)
  object space 42496K, 7% used [0x00000000c2000000,0x00000000c231a740,0x00000000c4980000)
 Metaspace       used 16379K, capacity 16666K, committed 16896K, reserved 1064960K
  class space    used 2090K, capacity 2195K, committed 2304K, reserved 1048576K
Event: 48.170 GC heap after
Heap after GC invocations=6 (full 0):
 PSYoungGen      total 20480K, used 3032K [0x00000000eb580000, 0x00000000ece00000, 0x0000000100000000)
  eden space 15872K, 0% used [0x00000000eb580000,0x00000000eb580000,0x00000000ec500000)
  from space 4608K, 65% used [0x00000000ec980000,0x00000000ecc76030,0x00000000ece00000)
  to   space 4608K, 0% used [0x00000000ec500000,0x00000000ec500000,0x00000000ec980000)
 ParOldGen       total 42496K, used 3185K [0x00000000c2000000, 0x00000000c4980000, 0x00000000eb580000)
  object space 42496K, 7% used [0x00000000c2000000,0x00000000c231c740,0x00000000c4980000)
 Metaspace       used 16379K, capacity 16666K, committed 16896K, reserved 1064960K
  class space    used 2090K, capacity 2195K, committed 2304K, reserved 1048576K
}
Event: 59.725 GC heap before
{Heap before GC invocations=7 (full 0):
 PSYoungGen      total 20480K, used 18904K [0x00000000eb580000, 0x00000000ece00000, 0x0000000100000000)
  eden space 15872K, 100% used [0x00000000eb580000,0x00000000ec500000,0x00000000ec500000)
  from space 4608K, 65% used [0x00000000ec980000,0x00000000ecc76030,0x00000000ece00000)
  to   space 4608K, 0% used [0x00000000ec500000,0x00000000ec500000,0x00000000ec980000)
 ParOldGen       total 42496K, used 3185K [0x00000000c2000000, 0x00000000c4980000, 0x00000000eb580000)
  object space 42496K, 7% used [0x00000000c2000000,0x00000000c231c740,0x00000000c4980000)
 Metaspace       used 16394K, capacity 16730K, committed 16896K, reserved 1064960K
  class space    used 2091K, capacity 2195K, committed 2304K, reserved 1048576K
Event: 59.736 GC heap after
Heap after GC invocations=7 (full 0):
 PSYoungGen      total 20480K, used 736K [0x00000000eb580000, 0x00000000ecf00000, 0x0000000100000000)
  eden space 15872K, 0% used [0x00000000eb580000,0x00000000eb580000,0x00000000ec500000)
  from space 4608K, 15% used [0x00000000ec500000,0x00000000ec5b8000,0x00000000ec980000)
  to   space 5120K, 0% used [0x00000000eca00000,0x00000000eca00000,0x00000000ecf00000)
 ParOldGen       total 42496K, used 5297K [0x00000000c2000000, 0x00000000c4980000, 0x00000000eb580000)
  object space 42496K, 12% used [0x00000000c2000000,0x00000000c252c7c0,0x00000000c4980000)
 Metaspace       used 16394K, capacity 16730K, committed 16896K, reserved 1064960K
  class space    used 2091K, capacity 2195K, committed 2304K, reserved 1048576K
}
Event: 70.346 GC heap before
{Heap before GC invocations=8 (full 0):
 PSYoungGen      total 20480K, used 16608K [0x00000000eb580000, 0x00000000ecf00000, 0x0000000100000000)
  eden space 15872K, 100% used [0x00000000eb580000,0x00000000ec500000,0x00000000ec500000)
  from space 4608K, 15% used [0x00000000ec500000,0x00000000ec5b8000,0x00000000ec980000)
  to   space 5120K, 0% used [0x00000000eca00000,0x00000000eca00000,0x00000000ecf00000)
 ParOldGen       total 42496K, used 5297K [0x00000000c2000000, 0x00000000c4980000, 0x00000000eb580000)
  object space 42496K, 12% used [0x00000000c2000000,0x00000000c252c7c0,0x00000000c4980000)
 Metaspace       used 16397K, capacity 16730K, committed 16896K, reserved 1064960K
  class space    used 2091K, capacity 2195K, committed 2304K, reserved 1048576K
Event: 70.351 GC heap after
Heap after GC invocations=8 (full 0):
 PSYoungGen      total 20992K, used 672K [0x00000000eb580000, 0x00000000ecf00000, 0x0000000100000000)
  eden space 15872K, 0% used [0x00000000eb580000,0x00000000eb580000,0x00000000ec500000)
  from space 5120K, 13% used [0x00000000eca00000,0x00000000ecaa8000,0x00000000ecf00000)
  to   space 5120K, 0% used [0x00000000ec500000,0x00000000ec500000,0x00000000eca00000)
 ParOldGen       total 42496K, used 5337K [0x00000000c2000000, 0x00000000c4980000, 0x00000000eb580000)
  object space 42496K, 12% used [0x00000000c2000000,0x00000000c25367c0,0x00000000c4980000)
 Metaspace       used 16397K, capacity 16730K, committed 16896K, reserved 1064960K
  class space    used 2091K, capacity 2195K, committed 2304K, reserved 1048576K
}
Event: 80.452 GC heap before
{Heap before GC invocations=9 (full 0):
 PSYoungGen      total 20992K, used 16544K [0x00000000eb580000, 0x00000000ecf00000, 0x0000000100000000)
  eden space 15872K, 100% used [0x00000000eb580000,0x00000000ec500000,0x00000000ec500000)
  from space 5120K, 13% used [0x00000000eca00000,0x00000000ecaa8000,0x00000000ecf00000)
  to   space 5120K, 0% used [0x00000000ec500000,0x00000000ec500000,0x00000000eca00000)
 ParOldGen       total 42496K, used 5337K [0x00000000c2000000, 0x00000000c4980000, 0x00000000eb580000)
  object space 42496K, 12% used [0x00000000c2000000,0x00000000c25367c0,0x00000000c4980000)
 Metaspace       used 16403K, capacity 16730K, committed 16896K, reserved 1064960K
  class space    used 2091K, capacity 2195K, committed 2304K, reserved 1048576K
Event: 80.455 GC heap after
Heap after GC invocations=9 (full 0):
 PSYoungGen      total 20992K, used 352K [0x00000000eb580000, 0x00000000ecf00000, 0x0000000100000000)
  eden space 15872K, 0% used [0x00000000eb580000,0x00000000eb580000,0x00000000ec500000)
  from space 5120K, 6% used [0x00000000ec500000,0x00000000ec558000,0x00000000eca00000)
  to   space 5120K, 0% used [0x00000000eca00000,0x00000000eca00000,0x00000000ecf00000)
 ParOldGen       total 42496K, used 5660K [0x00000000c2000000, 0x00000000c4980000, 0x00000000eb580000)
  object space 42496K, 13% used [0x00000000c2000000,0x00000000c25872f0,0x00000000c4980000)
 Metaspace       used 16403K, capacity 16730K, committed 16896K, reserved 1064960K
  class space    used 2091K, capacity 2195K, committed 2304K, reserved 1048576K
}
Event: 93.582 GC heap before
{Heap before GC invocations=10 (full 0):
 PSYoungGen      total 20992K, used 16224K [0x00000000eb580000, 0x00000000ecf00000, 0x0000000100000000)
  eden space 15872K, 100% used [0x00000000eb580000,0x00000000ec500000,0x00000000ec500000)
  from space 5120K, 6% used [0x00000000ec500000,0x00000000ec558000,0x00000000eca00000)
  to   space 5120K, 0% used [0x00000000eca00000,0x00000000eca00000,0x00000000ecf00000)
 ParOldGen       total 42496K, used 5660K [0x00000000c2000000, 0x00000000c4980000, 0x00000000eb580000)
  object space 42496K, 13% used [0x00000000c2000000,0x00000000c25872f0,0x00000000c4980000)
 Metaspace       used 16471K, capacity 16794K, committed 17152K, reserved 1064960K
  class space    used 2091K, capacity 2195K, committed 2304K, reserved 1048576K
Event: 93.584 GC heap after
Heap after GC invocations=10 (full 0):
 PSYoungGen      total 20992K, used 352K [0x00000000eb580000, 0x00000000ecf00000, 0x0000000100000000)
  eden space 15872K, 0% used [0x00000000eb580000,0x00000000eb580000,0x00000000ec500000)
  from space 5120K, 6% used [0x00000000eca00000,0x00000000eca58000,0x00000000ecf00000)
  to   space 5120K, 0% used [0x00000000ec500000,0x00000000ec500000,0x00000000eca00000)
 ParOldGen       total 42496K, used 5684K [0x00000000c2000000, 0x00000000c4980000, 0x00000000eb580000)
  object space 42496K, 13% used [0x00000000c2000000,0x00000000c258d2f0,0x00000000c4980000)
 Metaspace       used 16471K, capacity 16794K, committed 17152K, reserved 1064960K
  class space    used 2091K, capacity 2195K, committed 2304K, reserved 1048576K
}

Deoptimization events (10 events):
Event: 45.750 Thread 0x0000000017a35000 Uncommon trap: reason=unstable_if action=reinterpret pc=0x000000000389c104 method=java.awt.Component.getInputContext()Ljava/awt/im/InputContext; @ 6
Event: 48.178 Thread 0x0000000003307000 Uncommon trap: reason=class_check action=maybe_recompile pc=0x00000000037f2dc8 method=com.sun.jna.Memory.finalize()V @ 1
Event: 80.629 Thread 0x0000000018085800 Uncommon trap: reason=null_check action=make_not_entrant pc=0x00000000037175d4 method=com.sun.jna.Structure.readField(Lcom/sun/jna/Structure$StructField;)Ljava/lang/Object; @ 51
Event: 81.953 Thread 0x0000000017a35000 Uncommon trap: reason=unstable_if action=reinterpret pc=0x000000000390a7b4 method=java.util.WeakHashMap.expungeStaleEntries()V @ 9
Event: 83.437 Thread 0x0000000018082800 Uncommon trap: reason=null_check action=make_not_entrant pc=0x00000000035b3e98 method=com.sun.jna.Structure.readField(Lcom/sun/jna/Structure$StructField;)Ljava/lang/Object; @ 79
Event: 85.481 Thread 0x0000000018086800 Uncommon trap: reason=null_check action=make_not_entrant pc=0x0000000003719a80 method=com.sun.jna.Pointer.getValue(JLjava/lang/Class;Ljava/lang/Object;)Ljava/lang/Object; @ 25
Event: 86.623 Thread 0x0000000018086800 Uncommon trap: reason=null_check action=make_not_entrant pc=0x00000000039e442c method=com.sun.jna.Structure.readField(Lcom/sun/jna/Structure$StructField;)Ljava/lang/Object; @ 113
Event: 91.966 Thread 0x0000000018086800 Uncommon trap: reason=null_check action=make_not_entrant pc=0x00000000039fc87c method=com.sun.jna.Structure.readField(Lcom/sun/jna/Structure$StructField;)Ljava/lang/Object; @ 141
Event: 92.011 Thread 0x0000000018082000 Uncommon trap: reason=null_check action=make_not_entrant pc=0x00000000039fe6d4 method=com.sun.jna.Structure.readField(Lcom/sun/jna/Structure$StructField;)Ljava/lang/Object; @ 169
Event: 96.093 Thread 0x0000000017d3d800 Uncommon trap: reason=unstable_if action=reinterpret pc=0x00000000035b2478 method=java.util.concurrent.locks.AbstractQueuedSynchronizer$ConditionObject.checkInterruptWhileWaiting(Ljava/util/concurrent/locks/AbstractQueuedSynchronizer$Node;)I @ 3

Internal exceptions (10 events):
Event: 1.903 Thread 0x0000000017a35000 Implicit null exception at 0x00000000034a3e56 to 0x00000000034a4195
Event: 1.905 Thread 0x0000000017a35000 Implicit null exception at 0x0000000003493196 to 0x00000000034934c5
Event: 2.038 Thread 0x0000000017a35000 Implicit null exception at 0x0000000003493fd5 to 0x00000000034941d1
Event: 2.384 Thread 0x0000000017a35000 Exception <a 'java/lang/UnsatisfiedLinkError': æ‰¾ä¸åˆ°æŒ‡å®šçš„æ¨¡å—ã€‚
> (0x00000000ebed3940) thrown at [C:\re\workspace\8-2-build-windows-amd64-cygwin\jdk8u60\4407\hotspot\src\share\vm\prims\jni.cpp, line 735]
Event: 2.386 Thread 0x0000000017a35000 Exception <a 'java/lang/UnsatisfiedLinkError': æ‰¾ä¸åˆ°æŒ‡å®šçš„æ¨¡å—ã€‚
> (0x00000000ebed3c40) thrown at [C:\re\workspace\8-2-build-windows-amd64-cygwin\jdk8u60\4407\hotspot\src\share\vm\prims\jni.cpp, line 735]
Event: 2.387 Thread 0x0000000017a35000 Exception <a 'java/lang/UnsatisfiedLinkError': æ‰¾ä¸åˆ°æŒ‡å®šçš„æ¨¡å—ã€‚
> (0x00000000ebed3fc8) thrown at [C:\re\workspace\8-2-build-windows-amd64-cygwin\jdk8u60\4407\hotspot\src\share\vm\prims\jni.cpp, line 735]
Event: 2.388 Thread 0x0000000017a35000 Exception <a 'java/lang/UnsatisfiedLinkError'> (0x00000000ebed6ba8) thrown at [C:\re\workspace\8-2-build-windows-amd64-cygwin\jdk8u60\4407\hotspot\src\share\vm\oops\instanceKlass.cpp, line 945]
Event: 3.781 Thread 0x0000000017a35000 Exception <a 'java/io/FileNotFoundException'> (0x00000000ec109c18) thrown at [C:\re\workspace\8-2-build-windows-amd64-cygwin\jdk8u60\4407\hotspot\src\share\vm\prims\jni.cpp, line 709]
Event: 3.781 Thread 0x0000000017a35000 Exception <a 'java/lang/NullPointerException'> (0x00000000ec10a250) thrown at [C:\re\workspace\8-2-build-windows-amd64-cygwin\jdk8u60\4407\hotspot\src\share\vm\interpreter\linkResolver.cpp, line 1178]
Event: 35.625 Thread 0x0000000017a35000 Implicit null exception at 0x000000000389f64a to 0x00000000038a38f1

Events (10 events):
Event: 96.093 Thread 0x0000000018081000 Thread added: 0x0000000018081000
Event: 96.093 Executing VM operation: RevokeBias done
Event: 96.093 Thread 0x0000000017d3d800 Thread exited: 0x0000000017d3d800
Event: 96.093 loading class sun/awt/shell/Win32ShellFolderManager2$ComInvoker$1$1
Event: 96.093 Thread 0x0000000018085800 Thread exited: 0x0000000018085800
Event: 96.093 loading class sun/awt/shell/Win32ShellFolderManager2$ComInvoker$1$1 done
Event: 96.094 Thread 0x0000000018084000 Thread exited: 0x0000000018084000
Event: 96.095 Executing VM operation: RevokeBias
Event: 96.095 Executing VM operation: RevokeBias done
Event: 96.095 Thread 0x0000000018083800 Thread exited: 0x0000000018083800


Dynamic libraries:
0x00007ff6b7e30000 - 0x00007ff6b7e67000 	D:\Program Files\Java\jdk1.8.0_60\bin\javaw.exe
0x00007ffa6ef60000 - 0x00007ffa6f121000 	C:\WINDOWS\SYSTEM32\ntdll.dll
0x00007ffa6ecf0000 - 0x00007ffa6ed9d000 	C:\WINDOWS\system32\KERNEL32.DLL
0x00007ffa6c240000 - 0x00007ffa6c41d000 	C:\WINDOWS\system32\KERNELBASE.dll
0x00007ffa6d420000 - 0x00007ffa6d4c6000 	C:\WINDOWS\system32\ADVAPI32.dll
0x00007ffa6d4d0000 - 0x00007ffa6d56d000 	C:\WINDOWS\system32\msvcrt.dll
0x00007ffa6d6b0000 - 0x00007ffa6d70b000 	C:\WINDOWS\system32\sechost.dll
0x00007ffa6d570000 - 0x00007ffa6d696000 	C:\WINDOWS\system32\RPCRT4.dll
0x00007ffa6c6b0000 - 0x00007ffa6c7fe000 	C:\WINDOWS\system32\USER32.dll
0x00007ffa6cd60000 - 0x00007ffa6cee6000 	C:\WINDOWS\system32\GDI32.dll
0x00007ffa5f5c0000 - 0x00007ffa5f834000 	C:\WINDOWS\WinSxS\amd64_microsoft.windows.common-controls_6595b64144ccf1df_6.0.10240.16384_none_f41f7b285750ef43\COMCTL32.dll
0x00007ffa6c950000 - 0x00007ffa6c986000 	C:\WINDOWS\system32\IMM32.DLL
0x00007ffa6ee00000 - 0x00007ffa6ef5c000 	C:\WINDOWS\system32\MSCTF.dll
0x000000006f290000 - 0x000000006f362000 	D:\Program Files\Java\jdk1.8.0_60\jre\bin\msvcr100.dll
0x000000006f5c0000 - 0x000000006fe49000 	D:\Program Files\Java\jdk1.8.0_60\jre\bin\server\jvm.dll
0x00007ffa6bf80000 - 0x00007ffa6bfa3000 	C:\WINDOWS\system32\WINMM.dll
0x00007ffa6b780000 - 0x00007ffa6b7ac000 	C:\WINDOWS\system32\WINMMBASE.dll
0x00007ffa6c420000 - 0x00007ffa6c464000 	C:\WINDOWS\system32\cfgmgr32.dll
0x00007ffa65ad0000 - 0x00007ffa65ad9000 	C:\WINDOWS\SYSTEM32\WSOCK32.dll
0x00007ffa6b730000 - 0x00007ffa6b757000 	C:\WINDOWS\system32\DEVOBJ.dll
0x00007ffa6cbc0000 - 0x00007ffa6cbc8000 	C:\WINDOWS\system32\PSAPI.DLL
0x00007ffa6c800000 - 0x00007ffa6c869000 	C:\WINDOWS\system32\WS2_32.dll
0x00007ffa6d710000 - 0x00007ffa6d718000 	C:\WINDOWS\system32\NSI.dll
0x00007ffa634b0000 - 0x00007ffa634ba000 	C:\WINDOWS\SYSTEM32\VERSION.dll
0x000000006f4d0000 - 0x000000006f4df000 	D:\Program Files\Java\jdk1.8.0_60\jre\bin\verify.dll
0x000000006f4a0000 - 0x000000006f4c9000 	D:\Program Files\Java\jdk1.8.0_60\jre\bin\java.dll
0x000000006f480000 - 0x000000006f496000 	D:\Program Files\Java\jdk1.8.0_60\jre\bin\zip.dll
0x00007ffa6d720000 - 0x00007ffa6ec42000 	C:\WINDOWS\system32\SHELL32.dll
0x00007ffa6b830000 - 0x00007ffa6be58000 	C:\WINDOWS\system32\windows.storage.dll
0x00007ffa6d1a0000 - 0x00007ffa6d41c000 	C:\WINDOWS\system32\combase.dll
0x00007ffa6d040000 - 0x00007ffa6d091000 	C:\WINDOWS\system32\shlwapi.dll
0x00007ffa6b7b0000 - 0x00007ffa6b7bf000 	C:\WINDOWS\system32\kernel.appcore.dll
0x00007ffa6c180000 - 0x00007ffa6c233000 	C:\WINDOWS\system32\shcore.dll
0x00007ffa6b7e0000 - 0x00007ffa6b82a000 	C:\WINDOWS\system32\powrprof.dll
0x00007ffa6b7c0000 - 0x00007ffa6b7d3000 	C:\WINDOWS\system32\profapi.dll
0x00007ffa6afa0000 - 0x00007ffa6afb7000 	C:\WINDOWS\SYSTEM32\CRYPTSP.dll
0x00007ffa6b660000 - 0x00007ffa6b688000 	C:\WINDOWS\SYSTEM32\bcrypt.dll
0x00007ffa6abf0000 - 0x00007ffa6ac23000 	C:\WINDOWS\system32\rsaenh.dll
0x00007ffa6ace0000 - 0x00007ffa6acff000 	C:\WINDOWS\SYSTEM32\USERENV.dll
0x00007ffa6b550000 - 0x00007ffa6b5bb000 	C:\WINDOWS\system32\bcryptprimitives.dll
0x00007ffa6b110000 - 0x00007ffa6b11b000 	C:\WINDOWS\SYSTEM32\CRYPTBASE.dll
0x000000006f460000 - 0x000000006f47a000 	D:\Program Files\Java\jdk1.8.0_60\jre\bin\net.dll
0x00007ffa6af40000 - 0x00007ffa6af9d000 	C:\WINDOWS\system32\mswsock.dll
0x00007ffa678b0000 - 0x00007ffa678e8000 	C:\WINDOWS\SYSTEM32\IPHLPAPI.DLL
0x00007ffa67850000 - 0x00007ffa6785b000 	C:\WINDOWS\SYSTEM32\WINNSI.DLL
0x00007ffa66990000 - 0x00007ffa669a6000 	C:\WINDOWS\SYSTEM32\dhcpcsvc6.DLL
0x00007ffa66970000 - 0x00007ffa6698a000 	C:\WINDOWS\SYSTEM32\dhcpcsvc.DLL
0x000000006f440000 - 0x000000006f451000 	D:\Program Files\Java\jdk1.8.0_60\jre\bin\nio.dll
0x00007ffa54c40000 - 0x00007ffa54c77000 	C:\Users\Administrator.E7EI8PN5T4MLBYK\AppData\Local\Temp\jna-Administrator\jna5343716791768646710.dll
0x000000006f260000 - 0x000000006f28d000 	D:\Users\Administrator.E7EI8PN5T4MLBYK\workspace\VideoPlayer\libvlc.dll
0x000000006efb0000 - 0x000000006f25c000 	D:\Users\Administrator.E7EI8PN5T4MLBYK\workspace\VideoPlayer\libvlccore.dll
0x000000006ee10000 - 0x000000006efa8000 	D:\Program Files\Java\jdk1.8.0_60\jre\bin\awt.dll
0x00007ffa6cca0000 - 0x00007ffa6cd5e000 	C:\WINDOWS\system32\OLEAUT32.dll
0x00007ffa69f90000 - 0x00007ffa6a008000 	C:\WINDOWS\system32\apphelp.dll
0x00007ffa6a030000 - 0x00007ffa6a0c6000 	C:\WINDOWS\system32\uxtheme.dll
0x00007ffa69450000 - 0x00007ffa69472000 	C:\WINDOWS\system32\dwmapi.dll
0x00007ffa6cef0000 - 0x00007ffa6d031000 	C:\WINDOWS\system32\ole32.dll
0x000000006edf0000 - 0x000000006ee04000 	D:\Users\Administrator.E7EI8PN5T4MLBYK\workspace\VideoPlayer\plugins\audio_output\libdirectsound_plugin.dll
0x000000006edd0000 - 0x000000006ede3000 	D:\Users\Administrator.E7EI8PN5T4MLBYK\workspace\VideoPlayer\plugins\audio_output\libwaveout_plugin.dll
0x000000006edb0000 - 0x000000006edcf000 	D:\Users\Administrator.E7EI8PN5T4MLBYK\workspace\VideoPlayer\plugins\video_output\libdirect3d_plugin.dll
0x000000006ed90000 - 0x000000006edad000 	D:\Users\Administrator.E7EI8PN5T4MLBYK\workspace\VideoPlayer\plugins\video_output\libdirectdraw_plugin.dll
0x00007ffa6ec50000 - 0x00007ffa6ecec000 	C:\WINDOWS\system32\DSOUND.DLL
0x00007ffa6cbf0000 - 0x00007ffa6cc95000 	C:\WINDOWS\system32\clbcatq.dll
0x00007ffa63740000 - 0x00007ffa637b2000 	C:\WINDOWS\System32\MMDevApi.dll
0x00007ffa694d0000 - 0x00007ffa69653000 	C:\WINDOWS\System32\PROPSYS.dll
0x000000006ed40000 - 0x000000006ed87000 	D:\Program Files\Java\jdk1.8.0_60\jre\bin\fontmanager.dll
0x000000006ecf0000 - 0x000000006ed32000 	D:\Program Files\Java\jdk1.8.0_60\jre\bin\t2k.dll
0x00007ffa69670000 - 0x00007ffa69677000 	C:\WINDOWS\system32\MSIMG32.dll
0x00007ffa6aa70000 - 0x00007ffa6aaa2000 	C:\WINDOWS\SYSTEM32\ntmarta.dll
0x00007ffa56560000 - 0x00007ffa56ddc000 	C:\WINDOWS\system32\SogouPy.ime
0x00007ffa61ba0000 - 0x00007ffa61c09000 	C:\WINDOWS\SYSTEM32\OLEACC.dll
0x000000001c120000 - 0x000000001c1fd000 	D:\Program Files\sogoupinyin\7.8.0.7293\Resource.dll
0x00007ffa65e30000 - 0x00007ffa6605b000 	D:\Program Files\sogoupinyin\Components\PicFace\1.0.0.1394\PicFace64.dll
0x000000006ecc0000 - 0x000000006ecea000 	D:\Program Files\Java\jdk1.8.0_60\jre\bin\dcpr.dll
0x000000006ecb0000 - 0x000000006ecb7000 	D:\Program Files\Java\jdk1.8.0_60\jre\bin\jawt.dll
0x000000006ea40000 - 0x000000006eca8000 	D:\Users\Administrator.E7EI8PN5T4MLBYK\workspace\VideoPlayer\plugins\access\liblibbluray_plugin.dll
0x000000006ea10000 - 0x000000006ea36000 	D:\Users\Administrator.E7EI8PN5T4MLBYK\workspace\VideoPlayer\plugins\access\libaccess_bd_plugin.dll
0x000000006e9c0000 - 0x000000006ea0b000 	D:\Users\Administrator.E7EI8PN5T4MLBYK\workspace\VideoPlayer\plugins\access\libdvdnav_plugin.dll
0x000000006e9a0000 - 0x000000006e9bf000 	D:\Users\Administrator.E7EI8PN5T4MLBYK\workspace\VideoPlayer\plugins\access\libvdr_plugin.dll
0x000000006e980000 - 0x000000006e998000 	D:\Users\Administrator.E7EI8PN5T4MLBYK\workspace\VideoPlayer\plugins\access\libfilesystem_plugin.dll
0x000000006e960000 - 0x000000006e97b000 	D:\Users\Administrator.E7EI8PN5T4MLBYK\workspace\VideoPlayer\plugins\stream_filter\libsmooth_plugin.dll
0x000000006e8b0000 - 0x000000006e95e000 	D:\Users\Administrator.E7EI8PN5T4MLBYK\workspace\VideoPlayer\plugins\stream_filter\libhttplive_plugin.dll
0x000000006e880000 - 0x000000006e8ab000 	D:\Users\Administrator.E7EI8PN5T4MLBYK\workspace\VideoPlayer\plugins\access\libzip_plugin.dll
0x000000006e860000 - 0x000000006e876000 	D:\Users\Administrator.E7EI8PN5T4MLBYK\workspace\VideoPlayer\plugins\access\librar_plugin.dll
0x000000006e850000 - 0x000000006e85f000 	D:\Users\Administrator.E7EI8PN5T4MLBYK\workspace\VideoPlayer\plugins\stream_filter\librecord_plugin.dll
0x000000006e800000 - 0x000000006e842000 	D:\Users\Administrator.E7EI8PN5T4MLBYK\workspace\VideoPlayer\plugins\demux\libmp4_plugin.dll
0x000000006e7a0000 - 0x000000006e7f9000 	D:\Users\Administrator.E7EI8PN5T4MLBYK\workspace\VideoPlayer\plugins\codec\libjpeg_plugin.dll
0x000000006e780000 - 0x000000006e791000 	D:\Users\Administrator.E7EI8PN5T4MLBYK\workspace\VideoPlayer\plugins\codec\libcdg_plugin.dll
0x000000006e720000 - 0x000000006e77e000 	D:\Users\Administrator.E7EI8PN5T4MLBYK\workspace\VideoPlayer\plugins\codec\libpng_plugin.dll
0x000000006e5a0000 - 0x000000006e71b000 	D:\Users\Administrator.E7EI8PN5T4MLBYK\workspace\VideoPlayer\plugins\codec\libschroedinger_plugin.dll
0x000000006e4c0000 - 0x000000006e595000 	D:\Users\Administrator.E7EI8PN5T4MLBYK\workspace\VideoPlayer\plugins\codec\libvorbis_plugin.dll
0x000000006e460000 - 0x000000006e4ba000 	D:\Users\Administrator.E7EI8PN5T4MLBYK\workspace\VideoPlayer\plugins\codec\libtheora_plugin.dll
0x000000006e440000 - 0x000000006e451000 	D:\Users\Administrator.E7EI8PN5T4MLBYK\workspace\VideoPlayer\plugins\codec\libdts_plugin.dll
0x000000006e420000 - 0x000000006e435000 	D:\Users\Administrator.E7EI8PN5T4MLBYK\workspace\VideoPlayer\plugins\codec\libaraw_plugin.dll
0x000000006e400000 - 0x000000006e417000 	D:\Users\Administrator.E7EI8PN5T4MLBYK\workspace\VideoPlayer\plugins\codec\libsubstx3g_plugin.dll
0x000000006e380000 - 0x000000006e3f4000 	D:\Users\Administrator.E7EI8PN5T4MLBYK\workspace\VideoPlayer\plugins\codec\libflac_plugin.dll
0x000000006e360000 - 0x000000006e373000 	D:\Users\Administrator.E7EI8PN5T4MLBYK\workspace\VideoPlayer\plugins\codec\libg711_plugin.dll
0x000000006e350000 - 0x000000006e360000 	D:\Users\Administrator.E7EI8PN5T4MLBYK\workspace\VideoPlayer\plugins\codec\libaes3_plugin.dll
0x000000006e310000 - 0x000000006e349000 	D:\Users\Administrator.E7EI8PN5T4MLBYK\workspace\VideoPlayer\plugins\codec\libspeex_plugin.dll
0x000000006e140000 - 0x000000006e305000 	D:\Users\Administrator.E7EI8PN5T4MLBYK\workspace\VideoPlayer\plugins\codec\liblibass_plugin.dll
0x000000006e0d0000 - 0x000000006e13f000 	D:\Users\Administrator.E7EI8PN5T4MLBYK\workspace\VideoPlayer\plugins\codec\libfaad_plugin.dll
0x000000006e0b0000 - 0x000000006e0c1000 	D:\Users\Administrator.E7EI8PN5T4MLBYK\workspace\VideoPlayer\plugins\codec\liba52_plugin.dll
0x000000006e0a0000 - 0x000000006e0b0000 	D:\Users\Administrator.E7EI8PN5T4MLBYK\workspace\VideoPlayer\plugins\codec\libmpeg_audio_plugin.dll
0x000000006e080000 - 0x000000006e091000 	D:\Users\Administrator.E7EI8PN5T4MLBYK\workspace\VideoPlayer\plugins\codec\liblpcm_plugin.dll
0x000000006e000000 - 0x000000006e078000 	D:\Users\Administrator.E7EI8PN5T4MLBYK\workspace\VideoPlayer\plugins\codec\libopus_plugin.dll
0x000000006dfd0000 - 0x000000006dff9000 	D:\Users\Administrator.E7EI8PN5T4MLBYK\workspace\VideoPlayer\plugins\codec\libdvbsub_plugin.dll
0x000000006dfb0000 - 0x000000006dfc1000 	D:\Users\Administrator.E7EI8PN5T4MLBYK\workspace\VideoPlayer\plugins\codec\libspudec_plugin.dll
0x000000006cb10000 - 0x000000006dfaf000 	D:\Users\Administrator.E7EI8PN5T4MLBYK\workspace\VideoPlayer\plugins\codec\libavcodec_plugin.dll
0x000000006cab0000 - 0x000000006cb0c000 	D:\Users\Administrator.E7EI8PN5T4MLBYK\workspace\VideoPlayer\plugins\lua\liblua_plugin.dll
0x000000006c9c0000 - 0x000000006caa3000 	D:\Users\Administrator.E7EI8PN5T4MLBYK\workspace\VideoPlayer\plugins\text_renderer\libfreetype_plugin.dll
0x00007ffa5ff10000 - 0x00007ffa5ff95000 	C:\WINDOWS\SYSTEM32\AUDIOSES.DLL
0x00007ffa66bf0000 - 0x00007ffa66d21000 	C:\WINDOWS\SYSTEM32\wintypes.dll
0x000000006c9a0000 - 0x000000006c9b5000 	D:\Users\Administrator.E7EI8PN5T4MLBYK\workspace\VideoPlayer\plugins\video_chroma\libi420_yuy2_sse2_plugin.dll
0x000000006c980000 - 0x000000006c992000 	D:\Users\Administrator.E7EI8PN5T4MLBYK\workspace\VideoPlayer\plugins\video_chroma\libi420_yuy2_mmx_plugin.dll
0x000000006c8b0000 - 0x000000006c97c000 	D:\Users\Administrator.E7EI8PN5T4MLBYK\workspace\VideoPlayer\plugins\video_chroma\libswscale_plugin.dll
0x000000006c890000 - 0x000000006c8a3000 	D:\Users\Administrator.E7EI8PN5T4MLBYK\workspace\VideoPlayer\plugins\video_chroma\libi422_yuy2_sse2_plugin.dll
0x000000006c880000 - 0x000000006c890000 	D:\Users\Administrator.E7EI8PN5T4MLBYK\workspace\VideoPlayer\plugins\audio_mixer\libfloat_mixer_plugin.dll
0x000000006c850000 - 0x000000006c879000 	D:\Users\Administrator.E7EI8PN5T4MLBYK\workspace\VideoPlayer\plugins\video_chroma\libi420_rgb_sse2_plugin.dll
0x000000006c830000 - 0x000000006c841000 	D:\Users\Administrator.E7EI8PN5T4MLBYK\workspace\VideoPlayer\plugins\audio_filter\libscaletempo_plugin.dll
0x000000006c810000 - 0x000000006c829000 	D:\Users\Administrator.E7EI8PN5T4MLBYK\workspace\VideoPlayer\plugins\video_chroma\libi420_rgb_mmx_plugin.dll
0x000000006c690000 - 0x000000006c80a000 	D:\Users\Administrator.E7EI8PN5T4MLBYK\workspace\VideoPlayer\plugins\audio_filter\libsamplerate_plugin.dll
0x000000006c670000 - 0x000000006c681000 	D:\Users\Administrator.E7EI8PN5T4MLBYK\workspace\VideoPlayer\plugins\video_chroma\libi422_yuy2_mmx_plugin.dll
0x000000006c650000 - 0x000000006c664000 	D:\Users\Administrator.E7EI8PN5T4MLBYK\workspace\VideoPlayer\plugins\video_chroma\libyuy2_i422_plugin.dll
0x000000006c630000 - 0x000000006c641000 	D:\Users\Administrator.E7EI8PN5T4MLBYK\workspace\VideoPlayer\plugins\video_chroma\libgrey_yuv_plugin.dll
0x000000006c610000 - 0x000000006c628000 	D:\Users\Administrator.E7EI8PN5T4MLBYK\workspace\VideoPlayer\plugins\video_chroma\libyuy2_i420_plugin.dll
0x000000006c5f0000 - 0x000000006c603000 	D:\Users\Administrator.E7EI8PN5T4MLBYK\workspace\VideoPlayer\plugins\video_chroma\libi422_yuy2_plugin.dll
0x000000006c5d0000 - 0x000000006c5e6000 	D:\Users\Administrator.E7EI8PN5T4MLBYK\workspace\VideoPlayer\plugins\video_chroma\libi420_yuy2_plugin.dll
0x000000006c5b0000 - 0x000000006c5c3000 	D:\Users\Administrator.E7EI8PN5T4MLBYK\workspace\VideoPlayer\plugins\video_chroma\libi420_rgb_plugin.dll

VM Arguments:
jvm_args: -Dfile.encoding=GBK 
java_command: VideoPlayer.Main.PlayerMain
java_class_path (initial): D:\Users\Administrator.E7EI8PN5T4MLBYK\workspace\VideoPlayer\bin;D:\Users\Administrator.E7EI8PN5T4MLBYK\workspace\VideoPlayer\lib\jna-3.5.2.jar;D:\Users\Administrator.E7EI8PN5T4MLBYK\workspace\VideoPlayer\lib\platform-3.5.2.jar;D:\Users\Administrator.E7EI8PN5T4MLBYK\workspace\VideoPlayer\lib\slf4j-api-1.7.13.jar;D:\Users\Administrator.E7EI8PN5T4MLBYK\workspace\VideoPlayer\lib\slf4j-nop-1.7.13.jar;D:\Users\Administrator.E7EI8PN5T4MLBYK\workspace\VideoPlayer\lib\vlcj-3.8.0.jar
Launcher Type: SUN_STANDARD

Environment Variables:
JAVA_HOME=D:\Program Files\Java\jdk1.8.0_60
CLASSPATH=.;D:\Program Files\Java\jdk1.8.0_60\lib;D:\Program Files\Java\jdk1.8.0_60\lib\tools.jar;D:\Program Files\apache-tomcat-8.0.29\bin\BIN
PATH=D:/Program Files/Java/jdk1.8.0_60/bin/../jre/bin/server;D:/Program Files/Java/jdk1.8.0_60/bin/../jre/bin;D:/Program Files/Java/jdk1.8.0_60/bin/../jre/lib/amd64;D:\app\Administrator\product\11.2.0\dbhome_1\bin;D:\Program Files\Java\jdk1.8.0_60\bin;C:\WINDOWS\system32;C:\WINDOWS;C:\WINDOWS\System32\Wbem;C:\WINDOWS\System32\WindowsPowerShell\v1.0\£»D:\Program Files\Java\jdk1.8.0_60\jre\bin;C:\Program Files (x86)\Windows Kits\8.1\Windows Performance Toolkit\;C:\Program Files\Microsoft SQL Server\110\Tools\Binn\;C:\Program Files (x86)\Microsoft SDKs\TypeScript\1.0\;C:\Program Files\Microsoft SQL Server\120\Tools\Binn\;C:\Program Files (x86)\ATI Technologies\ATI.ACE\Core-Static;D:\Program Files (x86)\openCV\opencv\build\x64\vc12\bin;D:\Program Files (x86)\openCV\opencv\build\x86\vc12\bin;D:\Program Files (x86)\Microsoft Visual Studio\Common\Tools\WinNT;D:\Program Files (x86)\Microsoft Visual Studio\Common\MSDev98\Bin;D:\Program Files (x86)\Microsoft Visual Studio\Common\Tools;D:\Program Files (x86)\Microsoft Visual Studio\VC98\bin;D:\Program Files (x86)\eclipse;
USERNAME=Administrator
OS=Windows_NT
PROCESSOR_IDENTIFIER=Intel64 Family 6 Model 58 Stepping 9, GenuineIntel



---------------  S Y S T E M  ---------------

OS: Windows 10.0 , 64 bit Build 10240 (10.0.10240.16384)

CPU:total 4 (2 cores per cpu, 2 threads per core) family 6 model 58 stepping 9, cmov, cx8, fxsr, mmx, sse, sse2, sse3, ssse3, sse4.1, sse4.2, popcnt, avx, clmul, erms, ht, tsc, tscinvbit, tscinv

Memory: 4k page, physical 4060004k(1208720k free), swap 7161756k(3486208k free)

vm_info: Java HotSpot(TM) 64-Bit Server VM (25.60-b23) for windows-amd64 JRE (1.8.0_60-b27), built on Aug  4 2015 11:06:27 by "java_re" with MS VC++ 10.0 (VS2010)

time: Thu Dec 31 08:53:45 2015
elapsed time: 96 seconds (0d 0h 1m 36s)

