#
# A fatal error has been detected by the Java Runtime Environment:
#
#  EXCEPTION_ACCESS_VIOLATION (0xc0000005) at pc=0x00007ffa6ef95b6b, pid=14228, tid=3352
#
# JRE version: Java(TM) SE Runtime Environment (8.0_60-b27) (build 1.8.0_60-b27)
# Java VM: Java HotSpot(TM) 64-Bit Server VM (25.60-b23 mixed mode windows-amd64 compressed oops)
# Problematic frame:
# C  [ntdll.dll+0x35b6b]
#
# Failed to write core dump. Minidumps are not enabled by default on client versions of Windows
#
# If you would like to submit a bug report, please visit:
#   http://bugreport.java.com/bugreport/crash.jsp
# The crash happened outside the Java Virtual Machine in native code.
# See problematic frame for where to report the bug.
#

---------------  T H R E A D  ---------------

Current thread (0x00000000172cd000):  JavaThread "SwingWorker-pool-2-thread-1" daemon [_thread_in_native, id=3352, stack(0x0000000018780000,0x0000000018880000)]

siginfo: ExceptionCode=0xc0000005, writing address 0x0000000000000024

Registers:
RAX=0x0000000000000000, RBX=0x000000001812f238, RCX=0x000000001812f238, RDX=0xffffffffffffffff
RSP=0x000000001887dda0, RBP=0x00007ff67fc5a000, RSI=0x0000000000000000, RDI=0x0000000000000000
R8 =0x0000000000000000, R9 =0x00007ffa5fc005fa, R10=0x0000000000000124, R11=0x000000001887df30
R12=0x0000000000000000, R13=0x00000000c20bdc80, R14=0x0000000000000001, R15=0x0000000000000000
RIP=0x00007ffa6ef95b6b, EFLAGS=0x0000000000010213

Top of Stack: (sp=0x000000001887dda0)
0x000000001887dda0:   ffffffffffffffff 000000001812f238
0x000000001887ddb0:   0000000016550c28 000000001887df68
0x000000001887ddc0:   00000000000003d8 0000000016550850
0x000000001887ddd0:   00000000172cd100 00000000fffffffa
0x000000001887dde0:   00007ff67fc5a000 000000001887ec80
0x000000001887ddf0:   0000000017e98768 0000000000000000
0x000000001887de00:   0000000017e98768 00000000148daa98
0x000000001887de10:   00000000172cd000 0000000002d7cb8a
0x000000001887de20:   00005158d00f73f7 0000000000000000
0x000000001887de30:   0000000000000003 0000000000000001
0x000000001887de40:   00000000c20bdc80 0000000000000000
0x000000001887de50:   0000000000000000 0000000000000000
0x000000001887de60:   0000000000000001 00007ffa6ef95069
0x000000001887de70:   00000000182b4d70 000000001887de28
0x000000001887de80:   000000001812f238 00007ffa5fbf11bb
0x000000001887de90:   00000000172cd000 000000001887e668 

Instructions: (pc=0x00007ffa6ef95b6b)
0x00007ffa6ef95b4b:   48 39 7b 18 0f 84 c0 00 00 00 48 83 3b ff 0f 84
0x00007ffa6ef95b5b:   c3 00 00 00 48 8b 03 44 8b e7 48 83 f8 ff 74 03
0x00007ffa6ef95b6b:   ff 40 24 4c 8b 6b 18 4c 8d 35 37 c5 10 00 33 ed
0x00007ffa6ef95b7b:   b8 82 03 fe 7f 8a 08 84 c9 0f 85 60 15 07 00 49 


Register to memory mapping:

RAX=0x0000000000000000 is an unknown value
RBX=0x000000001812f238 is an unknown value
RCX=0x000000001812f238 is an unknown value
RDX=0xffffffffffffffff is an unknown value
RSP=0x000000001887dda0 is pointing into the stack for thread: 0x00000000172cd000
RBP=0x00007ff67fc5a000 is an unknown value
RSI=0x0000000000000000 is an unknown value
RDI=0x0000000000000000 is an unknown value
R8 =0x0000000000000000 is an unknown value
R9 =0x00007ffa5fc005fa is an unknown value
R10=0x0000000000000124 is an unknown value
R11=0x000000001887df30 is pointing into the stack for thread: 0x00000000172cd000
R12=0x0000000000000000 is an unknown value
R13=0x00000000c20bdc80 is an oop
java.lang.reflect.Method 
 - klass: 'java/lang/reflect/Method'
R14=0x0000000000000001 is an unknown value
R15=0x0000000000000000 is an unknown value


Stack: [0x0000000018780000,0x0000000018880000],  sp=0x000000001887dda0,  free space=1015k
Native frames: (J=compiled Java code, j=interpreted, Vv=VM code, C=native code)
C  [ntdll.dll+0x35b6b]
C  [ntdll.dll+0x35069]
C  [ntdll.dll+0x34f80]
C  [libvlc.dll+0xe2a5]
C  [jna6064208275678760142.dll+0x176f3]
C  [jna6064208275678760142.dll+0xffe7]
C  [jna6064208275678760142.dll+0x3d1a]
C  [jna6064208275678760142.dll+0x4e97]
C  0x0000000002ce2923

Java frames: (J=compiled Java code, j=interpreted, Vv=VM code)
J 1112  com.sun.jna.Native.invokeLong(JI[Ljava/lang/Object;)J (0 bytes) @ 0x0000000002ce289d [0x0000000002ce2840+0x5d]
J 1075 C1 com.sun.jna.Function.invoke([Ljava/lang/Object;Ljava/lang/Class;Z)Ljava/lang/Object; (1149 bytes) @ 0x0000000002cbd8cc [0x0000000002cb6920+0x6fac]
J 1074 C1 com.sun.jna.Function.invoke(Ljava/lang/Class;[Ljava/lang/Object;Ljava/util/Map;)Ljava/lang/Object; (526 bytes) @ 0x0000000002cb09fc [0x0000000002caf740+0x12bc]
J 1073 C1 com.sun.jna.Library$Handler.invoke(Ljava/lang/Object;Ljava/lang/reflect/Method;[Ljava/lang/Object;)Ljava/lang/Object; (345 bytes) @ 0x0000000002cacdd4 [0x0000000002caab40+0x2294]
J 1312 C1 com.sun.proxy.$Proxy0.libvlc_media_player_get_length(Luk/co/caprica/vlcj/binding/internal/libvlc_media_player_t;)J (39 bytes) @ 0x0000000002d7dfcc [0x0000000002d7dd00+0x2cc]
J 1311 C1 uk.co.caprica.vlcj.player.DefaultMediaPlayer.getLength()J (25 bytes) @ 0x0000000002d7ea2c [0x0000000002d7e8a0+0x18c]
j  VideoPlayer.Main.PlayerMain$1$1.doInBackground()Ljava/lang/String;+6
j  VideoPlayer.Main.PlayerMain$1$1.doInBackground()Ljava/lang/Object;+1
j  javax.swing.SwingWorker$1.call()Ljava/lang/Object;+14
j  java.util.concurrent.FutureTask.run()V+42
j  javax.swing.SwingWorker.run()V+4
j  java.util.concurrent.ThreadPoolExecutor.runWorker(Ljava/util/concurrent/ThreadPoolExecutor$Worker;)V+95
j  java.util.concurrent.ThreadPoolExecutor$Worker.run()V+5
j  java.lang.Thread.run()V+11
v  ~StubRoutines::call_stub

---------------  P R O C E S S  ---------------

Java Threads: ( => current thread )
  0x00000000167f6000 JavaThread "Thread-0" daemon [_thread_in_native, id=12020, stack(0x000000001c750000,0x000000001c850000)]
  0x00000000172a1000 JavaThread "TimerQueue" daemon [_thread_blocked, id=8596, stack(0x0000000018880000,0x0000000018980000)]
=>0x00000000172cd000 JavaThread "SwingWorker-pool-2-thread-1" daemon [_thread_in_native, id=3352, stack(0x0000000018780000,0x0000000018880000)]
  0x00000000027be000 JavaThread "DestroyJavaVM" [_thread_blocked, id=9708, stack(0x00000000025c0000,0x00000000026c0000)]
  0x000000001688e000 JavaThread "AWT-EventQueue-0" [_thread_blocked, id=14128, stack(0x0000000017970000,0x0000000017a70000)]
  0x00000000167e8800 JavaThread "AWT-Shutdown" [_thread_blocked, id=9452, stack(0x0000000017610000,0x0000000017710000)]
  0x00000000167e5800 JavaThread "Java2D Disposer" daemon [_thread_blocked, id=16292, stack(0x0000000016cb0000,0x0000000016db0000)]
  0x0000000016533800 JavaThread "Service Thread" daemon [_thread_blocked, id=10768, stack(0x0000000016ab0000,0x0000000016bb0000)]
  0x00000000164b6000 JavaThread "C1 CompilerThread2" daemon [_thread_blocked, id=13540, stack(0x00000000169b0000,0x0000000016ab0000)]
  0x00000000164b1000 JavaThread "C2 CompilerThread1" daemon [_thread_blocked, id=1216, stack(0x00000000168b0000,0x00000000169b0000)]
  0x0000000014ebb800 JavaThread "C2 CompilerThread0" daemon [_thread_blocked, id=5492, stack(0x00000000163b0000,0x00000000164b0000)]
  0x0000000014e6f800 JavaThread "Attach Listener" daemon [_thread_blocked, id=660, stack(0x00000000162b0000,0x00000000163b0000)]
  0x0000000014e6e800 JavaThread "Signal Dispatcher" daemon [_thread_blocked, id=7056, stack(0x00000000161b0000,0x00000000162b0000)]
  0x0000000014e29800 JavaThread "Finalizer" daemon [_thread_blocked, id=8360, stack(0x00000000160b0000,0x00000000161b0000)]
  0x0000000014e28000 JavaThread "Reference Handler" daemon [_thread_blocked, id=13356, stack(0x0000000015fb0000,0x00000000160b0000)]

Other Threads:
  0x0000000014e27000 VMThread [stack: 0x0000000015eb0000,0x0000000015fb0000] [id=14532]
  0x0000000016577800 WatcherThread [stack: 0x0000000016bb0000,0x0000000016cb0000] [id=5472]

VM state:not at safepoint (normal execution)

VM Mutex/Monitor currently owned by a thread: None

Heap:
 PSYoungGen      total 20992K, used 7735K [0x00000000eb580000, 0x00000000ecf00000, 0x0000000100000000)
  eden space 15872K, 46% used [0x00000000eb580000,0x00000000ebcadf30,0x00000000ec500000)
  from space 5120K, 7% used [0x00000000ec500000,0x00000000ec560000,0x00000000eca00000)
  to   space 5120K, 0% used [0x00000000eca00000,0x00000000eca00000,0x00000000ecf00000)
 ParOldGen       total 42496K, used 6049K [0x00000000c2000000, 0x00000000c4980000, 0x00000000eb580000)
  object space 42496K, 14% used [0x00000000c2000000,0x00000000c25e87b0,0x00000000c4980000)
 Metaspace       used 16400K, capacity 16726K, committed 16896K, reserved 1064960K
  class space    used 2096K, capacity 2195K, committed 2304K, reserved 1048576K

Card table byte_map: [0x0000000011c80000,0x0000000011e80000] byte_map_base: 0x0000000011670000

Marking Bits: (ParMarkBitMap*) 0x000000006feda5b0
 Begin Bits: [0x00000000123d0000, 0x0000000013350000)
 End Bits:   [0x0000000013350000, 0x00000000142d0000)

Polling page: 0x00000000005a0000

CodeCache: size=245760Kb used=6948Kb max_used=6957Kb free=238811Kb
 bounds [0x00000000028c0000, 0x0000000002fa0000, 0x00000000118c0000]
 total_blobs=2520 nmethods=1995 adapters=436
 compilation: enabled

Compilation events (10 events):
Event: 155.933 Thread 0x00000000164b1000 nmethod 2139 0x0000000002c80510 code [0x0000000002c80640, 0x0000000002c806b8]
Event: 155.937 Thread 0x0000000014ebb800 nmethod 2138 0x0000000002f8ca90 code [0x0000000002f8cc20, 0x0000000002f8d978]
Event: 156.475 Thread 0x00000000164b6000 2140       1       java.awt.Window::getFocusableWindowState (5 bytes)
Event: 156.476 Thread 0x00000000164b6000 nmethod 2140 0x0000000002f88dd0 code [0x0000000002f88f20, 0x0000000002f89030]
Event: 156.477 Thread 0x00000000164b6000 2141       3       java.util.regex.Pattern$CharProperty::match (56 bytes)
Event: 156.477 Thread 0x00000000164b6000 nmethod 2141 0x0000000002f92290 code [0x0000000002f92440, 0x0000000002f92928]
Event: 156.477 Thread 0x00000000164b6000 2142       3       java.util.regex.Pattern$Node::match (27 bytes)
Event: 156.477 Thread 0x00000000164b6000 nmethod 2142 0x0000000002f8c650 code [0x0000000002f8c7c0, 0x0000000002f8c970]
Event: 156.478 Thread 0x00000000164b6000 2143       3       java.util.regex.Pattern$Dot::isSatisfiedBy (34 bytes)
Event: 156.478 Thread 0x00000000164b6000 nmethod 2143 0x0000000002f91e50 code [0x0000000002f91fc0, 0x0000000002f92230]

GC Heap History (10 events):
Event: 94.971 GC heap before
{Heap before GC invocations=7 (full 0):
 PSYoungGen      total 20480K, used 18633K [0x00000000eb580000, 0x00000000ece00000, 0x0000000100000000)
  eden space 15872K, 100% used [0x00000000eb580000,0x00000000ec500000,0x00000000ec500000)
  from space 4608K, 59% used [0x00000000ec980000,0x00000000ecc324f0,0x00000000ece00000)
  to   space 4608K, 0% used [0x00000000ec500000,0x00000000ec500000,0x00000000ec980000)
 ParOldGen       total 42496K, used 3089K [0x00000000c2000000, 0x00000000c4980000, 0x00000000eb580000)
  object space 42496K, 7% used [0x00000000c2000000,0x00000000c23046f0,0x00000000c4980000)
 Metaspace       used 13471K, capacity 13784K, committed 14080K, reserved 1060864K
  class space    used 1598K, capacity 1708K, committed 1792K, reserved 1048576K
Event: 94.977 GC heap after
Heap after GC invocations=7 (full 0):
 PSYoungGen      total 20480K, used 352K [0x00000000eb580000, 0x00000000ecf00000, 0x0000000100000000)
  eden space 15872K, 0% used [0x00000000eb580000,0x00000000eb580000,0x00000000ec500000)
  from space 4608K, 7% used [0x00000000ec500000,0x00000000ec558000,0x00000000ec980000)
  to   space 5120K, 0% used [0x00000000eca00000,0x00000000eca00000,0x00000000ecf00000)
 ParOldGen       total 42496K, used 5506K [0x00000000c2000000, 0x00000000c4980000, 0x00000000eb580000)
  object space 42496K, 12% used [0x00000000c2000000,0x00000000c2560be0,0x00000000c4980000)
 Metaspace       used 13471K, capacity 13784K, committed 14080K, reserved 1060864K
  class space    used 1598K, capacity 1708K, committed 1792K, reserved 1048576K
}
Event: 111.445 GC heap before
{Heap before GC invocations=8 (full 0):
 PSYoungGen      total 20480K, used 16224K [0x00000000eb580000, 0x00000000ecf00000, 0x0000000100000000)
  eden space 15872K, 100% used [0x00000000eb580000,0x00000000ec500000,0x00000000ec500000)
  from space 4608K, 7% used [0x00000000ec500000,0x00000000ec558000,0x00000000ec980000)
  to   space 5120K, 0% used [0x00000000eca00000,0x00000000eca00000,0x00000000ecf00000)
 ParOldGen       total 42496K, used 5506K [0x00000000c2000000, 0x00000000c4980000, 0x00000000eb580000)
  object space 42496K, 12% used [0x00000000c2000000,0x00000000c2560be0,0x00000000c4980000)
 Metaspace       used 13480K, capacity 13784K, committed 14080K, reserved 1060864K
  class space    used 1598K, capacity 1708K, committed 1792K, reserved 1048576K
Event: 111.448 GC heap after
Heap after GC invocations=8 (full 0):
 PSYoungGen      total 20992K, used 384K [0x00000000eb580000, 0x00000000ecf00000, 0x0000000100000000)
  eden space 15872K, 0% used [0x00000000eb580000,0x00000000eb580000,0x00000000ec500000)
  from space 5120K, 7% used [0x00000000eca00000,0x00000000eca60000,0x00000000ecf00000)
  to   space 5120K, 0% used [0x00000000ec500000,0x00000000ec500000,0x00000000eca00000)
 ParOldGen       total 42496K, used 5546K [0x00000000c2000000, 0x00000000c4980000, 0x00000000eb580000)
  object space 42496K, 13% used [0x00000000c2000000,0x00000000c256abe0,0x00000000c4980000)
 Metaspace       used 13480K, capacity 13784K, committed 14080K, reserved 1060864K
  class space    used 1598K, capacity 1708K, committed 1792K, reserved 1048576K
}
Event: 127.095 GC heap before
{Heap before GC invocations=9 (full 0):
 PSYoungGen      total 20992K, used 16256K [0x00000000eb580000, 0x00000000ecf00000, 0x0000000100000000)
  eden space 15872K, 100% used [0x00000000eb580000,0x00000000ec500000,0x00000000ec500000)
  from space 5120K, 7% used [0x00000000eca00000,0x00000000eca60000,0x00000000ecf00000)
  to   space 5120K, 0% used [0x00000000ec500000,0x00000000ec500000,0x00000000eca00000)
 ParOldGen       total 42496K, used 5546K [0x00000000c2000000, 0x00000000c4980000, 0x00000000eb580000)
  object space 42496K, 13% used [0x00000000c2000000,0x00000000c256abe0,0x00000000c4980000)
 Metaspace       used 13712K, capacity 14008K, committed 14080K, reserved 1060864K
  class space    used 1627K, capacity 1740K, committed 1792K, reserved 1048576K
Event: 127.098 GC heap after
Heap after GC invocations=9 (full 0):
 PSYoungGen      total 20992K, used 352K [0x00000000eb580000, 0x00000000ed000000, 0x0000000100000000)
  eden space 15872K, 0% used [0x00000000eb580000,0x00000000eb580000,0x00000000ec500000)
  from space 5120K, 6% used [0x00000000ec500000,0x00000000ec558000,0x00000000eca00000)
  to   space 5632K, 0% used [0x00000000eca80000,0x00000000eca80000,0x00000000ed000000)
 ParOldGen       total 42496K, used 5562K [0x00000000c2000000, 0x00000000c4980000, 0x00000000eb580000)
  object space 42496K, 13% used [0x00000000c2000000,0x00000000c256ebe0,0x00000000c4980000)
 Metaspace       used 13712K, capacity 14008K, committed 14080K, reserved 1060864K
  class space    used 1627K, capacity 1740K, committed 1792K, reserved 1048576K
}
Event: 139.542 GC heap before
{Heap before GC invocations=10 (full 0):
 PSYoungGen      total 20992K, used 16224K [0x00000000eb580000, 0x00000000ed000000, 0x0000000100000000)
  eden space 15872K, 100% used [0x00000000eb580000,0x00000000ec500000,0x00000000ec500000)
  from space 5120K, 6% used [0x00000000ec500000,0x00000000ec558000,0x00000000eca00000)
  to   space 5632K, 0% used [0x00000000eca80000,0x00000000eca80000,0x00000000ed000000)
 ParOldGen       total 42496K, used 5562K [0x00000000c2000000, 0x00000000c4980000, 0x00000000eb580000)
  object space 42496K, 13% used [0x00000000c2000000,0x00000000c256ebe0,0x00000000c4980000)
 Metaspace       used 16328K, capacity 16662K, committed 16896K, reserved 1064960K
  class space    used 2086K, capacity 2195K, committed 2304K, reserved 1048576K
Event: 139.547 GC heap after
Heap after GC invocations=10 (full 0):
 PSYoungGen      total 20480K, used 896K [0x00000000eb580000, 0x00000000ecf00000, 0x0000000100000000)
  eden space 15872K, 0% used [0x00000000eb580000,0x00000000eb580000,0x00000000ec500000)
  from space 4608K, 19% used [0x00000000eca80000,0x00000000ecb60000,0x00000000ecf00000)
  to   space 5120K, 0% used [0x00000000ec500000,0x00000000ec500000,0x00000000eca00000)
 ParOldGen       total 42496K, used 5594K [0x00000000c2000000, 0x00000000c4980000, 0x00000000eb580000)
  object space 42496K, 13% used [0x00000000c2000000,0x00000000c2576840,0x00000000c4980000)
 Metaspace       used 16328K, capacity 16662K, committed 16896K, reserved 1064960K
  class space    used 2086K, capacity 2195K, committed 2304K, reserved 1048576K
}
Event: 152.325 GC heap before
{Heap before GC invocations=11 (full 0):
 PSYoungGen      total 20480K, used 16768K [0x00000000eb580000, 0x00000000ecf00000, 0x0000000100000000)
  eden space 15872K, 100% used [0x00000000eb580000,0x00000000ec500000,0x00000000ec500000)
  from space 4608K, 19% used [0x00000000eca80000,0x00000000ecb60000,0x00000000ecf00000)
  to   space 5120K, 0% used [0x00000000ec500000,0x00000000ec500000,0x00000000eca00000)
 ParOldGen       total 42496K, used 5594K [0x00000000c2000000, 0x00000000c4980000, 0x00000000eb580000)
  object space 42496K, 13% used [0x00000000c2000000,0x00000000c2576840,0x00000000c4980000)
 Metaspace       used 16386K, capacity 16662K, committed 16896K, reserved 1064960K
  class space    used 2095K, capacity 2195K, committed 2304K, reserved 1048576K
Event: 152.327 GC heap after
Heap after GC invocations=11 (full 0):
 PSYoungGen      total 20992K, used 384K [0x00000000eb580000, 0x00000000ecf00000, 0x0000000100000000)
  eden space 15872K, 0% used [0x00000000eb580000,0x00000000eb580000,0x00000000ec500000)
  from space 5120K, 7% used [0x00000000ec500000,0x00000000ec560000,0x00000000eca00000)
  to   space 5120K, 0% used [0x00000000eca00000,0x00000000eca00000,0x00000000ecf00000)
 ParOldGen       total 42496K, used 6049K [0x00000000c2000000, 0x00000000c4980000, 0x00000000eb580000)
  object space 42496K, 14% used [0x00000000c2000000,0x00000000c25e87b0,0x00000000c4980000)
 Metaspace       used 16386K, capacity 16662K, committed 16896K, reserved 1064960K
  class space    used 2095K, capacity 2195K, committed 2304K, reserved 1048576K
}

Deoptimization events (10 events):
Event: 146.486 Thread 0x00000000167f5000 Uncommon trap: reason=null_check action=make_not_entrant pc=0x0000000002f5ddc4 method=com.sun.jna.Structure.readField(Lcom/sun/jna/Structure$StructField;)Ljava/lang/Object; @ 141
Event: 146.494 Thread 0x000000001688e000 Uncommon trap: reason=unstable_if action=reinterpret pc=0x0000000002d3af20 method=com.sun.jna.Native.getNativeSize(Ljava/lang/Class;)I @ 209
Event: 146.530 Thread 0x000000001688e000 Uncommon trap: reason=unstable_if action=reinterpret pc=0x0000000002b6b200 method=com.sun.jna.Structure.writeField(Lcom/sun/jna/Structure$StructField;)V @ 36
Event: 146.535 Thread 0x000000001688e000 Uncommon trap: reason=unstable_if action=reinterpret pc=0x0000000002e87b9c method=java.awt.EventQueue.eventToCacheIndex(Ljava/awt/AWTEvent;)I @ 71
Event: 146.535 Thread 0x000000001688e000 Uncommon trap: reason=unstable_if action=reinterpret pc=0x0000000002c4ed04 method=java.awt.Component.getInputContext()Ljava/awt/im/InputContext; @ 6
Event: 146.710 Thread 0x00000000167f9000 Uncommon trap: reason=null_check action=make_not_entrant pc=0x0000000002f75cd4 method=com.sun.jna.Structure.readField(Lcom/sun/jna/Structure$StructField;)Ljava/lang/Object; @ 169
Event: 149.331 Thread 0x000000001688e000 Uncommon trap: reason=unstable_if action=reinterpret pc=0x0000000002f55380 method=java.awt.Container.getMouseEventTargetImpl(IIZLjava/awt/Container$EventTargetFilter;ZZ)Ljava/awt/Component; @ 218
Event: 152.328 Thread 0x0000000014e29800 Uncommon trap: reason=class_check action=maybe_recompile pc=0x0000000002dd1748 method=com.sun.jna.Memory.finalize()V @ 1
Event: 156.520 Thread 0x00000000172cc000 Uncommon trap: reason=unstable_if action=reinterpret pc=0x0000000002f1eb30 method=java.util.concurrent.locks.AbstractQueuedSynchronizer$ConditionObject.checkInterruptWhileWaiting(Ljava/util/concurrent/locks/AbstractQueuedSynchronizer$Node;)I @ 3
Event: 156.521 Thread 0x0000000016862000 Uncommon trap: reason=unstable_if action=reinterpret pc=0x0000000002f1eb30 method=java.util.concurrent.locks.AbstractQueuedSynchronizer$ConditionObject.checkInterruptWhileWaiting(Ljava/util/concurrent/locks/AbstractQueuedSynchronizer$Node;)I @ 3

Internal exceptions (10 events):
Event: 0.781 Thread 0x000000001688e000 Implicit null exception at 0x0000000002aa6f56 to 0x0000000002aa7295
Event: 0.782 Thread 0x000000001688e000 Implicit null exception at 0x0000000002a46116 to 0x0000000002a46445
Event: 0.786 Thread 0x000000001688e000 Implicit null exception at 0x0000000002a4cc55 to 0x0000000002a4ce51
Event: 0.818 Thread 0x000000001688e000 Exception <a 'java/lang/UnsatisfiedLinkError': æ‰¾ä¸åˆ°æŒ‡å®šçš„æ¨¡å—ã€‚
> (0x00000000ebed2c18) thrown at [C:\re\workspace\8-2-build-windows-amd64-cygwin\jdk8u60\4407\hotspot\src\share\vm\prims\jni.cpp, line 735]
Event: 0.818 Thread 0x000000001688e000 Exception <a 'java/lang/UnsatisfiedLinkError': æ‰¾ä¸åˆ°æŒ‡å®šçš„æ¨¡å—ã€‚
> (0x00000000ebed2f18) thrown at [C:\re\workspace\8-2-build-windows-amd64-cygwin\jdk8u60\4407\hotspot\src\share\vm\prims\jni.cpp, line 735]
Event: 0.819 Thread 0x000000001688e000 Exception <a 'java/lang/UnsatisfiedLinkError': æ‰¾ä¸åˆ°æŒ‡å®šçš„æ¨¡å—ã€‚
> (0x00000000ebed32a0) thrown at [C:\re\workspace\8-2-build-windows-amd64-cygwin\jdk8u60\4407\hotspot\src\share\vm\prims\jni.cpp, line 735]
Event: 0.820 Thread 0x000000001688e000 Exception <a 'java/lang/UnsatisfiedLinkError'> (0x00000000ebed5e80) thrown at [C:\re\workspace\8-2-build-windows-amd64-cygwin\jdk8u60\4407\hotspot\src\share\vm\oops\instanceKlass.cpp, line 945]
Event: 1.002 Thread 0x000000001688e000 Exception <a 'java/io/FileNotFoundException'> (0x00000000ec108ec8) thrown at [C:\re\workspace\8-2-build-windows-amd64-cygwin\jdk8u60\4407\hotspot\src\share\vm\prims\jni.cpp, line 709]
Event: 1.002 Thread 0x000000001688e000 Exception <a 'java/lang/NullPointerException'> (0x00000000ec109500) thrown at [C:\re\workspace\8-2-build-windows-amd64-cygwin\jdk8u60\4407\hotspot\src\share\vm\interpreter\linkResolver.cpp, line 1178]
Event: 128.530 Thread 0x000000001688e000 Implicit null exception at 0x0000000002e31b96 to 0x0000000002e35fe5

Events (10 events):
Event: 156.520 loading class sun/awt/shell/Win32ShellFolderManager2$ComInvoker$1$1 done
Event: 156.521 Thread 0x00000000167f7800 Thread exited: 0x00000000167f7800
Event: 156.521 Thread 0x0000000016862000 Uncommon trap: trap_request=0xffffff65 fr.pc=0x0000000002f1eb30
Event: 156.521 Thread 0x0000000016862000 DEOPT PACKING pc=0x0000000002f1eb30 sp=0x000000002492f200
Event: 156.521 Thread 0x0000000016862000 DEOPT UNPACKING pc=0x000000000290582a sp=0x000000002492f158 mode 2
Event: 156.521 Thread 0x00000000167f3800 Thread exited: 0x00000000167f3800
Event: 156.522 Executing VM operation: RevokeBias
Event: 156.522 Executing VM operation: RevokeBias done
Event: 156.522 Thread 0x0000000016862000 Thread exited: 0x0000000016862000
Event: 156.530 Thread 0x00000000167eb800 Thread exited: 0x00000000167eb800


Dynamic libraries:
0x00007ff680050000 - 0x00007ff680087000 	D:\Program Files\Java\jdk1.8.0_60\bin\javaw.exe
0x00007ffa6ef60000 - 0x00007ffa6f121000 	C:\WINDOWS\SYSTEM32\ntdll.dll
0x00007ffa6ecf0000 - 0x00007ffa6ed9d000 	C:\WINDOWS\system32\KERNEL32.DLL
0x00007ffa6c240000 - 0x00007ffa6c41d000 	C:\WINDOWS\system32\KERNELBASE.dll
0x00007ffa6d420000 - 0x00007ffa6d4c6000 	C:\WINDOWS\system32\ADVAPI32.dll
0x00007ffa6d4d0000 - 0x00007ffa6d56d000 	C:\WINDOWS\system32\msvcrt.dll
0x00007ffa6d6b0000 - 0x00007ffa6d70b000 	C:\WINDOWS\system32\sechost.dll
0x00007ffa6d570000 - 0x00007ffa6d696000 	C:\WINDOWS\system32\RPCRT4.dll
0x00007ffa6c6b0000 - 0x00007ffa6c7fe000 	C:\WINDOWS\system32\USER32.dll
0x00007ffa6cd60000 - 0x00007ffa6cee6000 	C:\WINDOWS\system32\GDI32.dll
0x00007ffa5f5c0000 - 0x00007ffa5f834000 	C:\WINDOWS\WinSxS\amd64_microsoft.windows.common-controls_6595b64144ccf1df_6.0.10240.16384_none_f41f7b285750ef43\COMCTL32.dll
0x00007ffa6c950000 - 0x00007ffa6c986000 	C:\WINDOWS\system32\IMM32.DLL
0x00007ffa6ee00000 - 0x00007ffa6ef5c000 	C:\WINDOWS\system32\MSCTF.dll
0x000000006f440000 - 0x000000006f512000 	D:\Program Files\Java\jdk1.8.0_60\jre\bin\msvcr100.dll
0x000000006f6d0000 - 0x000000006ff59000 	D:\Program Files\Java\jdk1.8.0_60\jre\bin\server\jvm.dll
0x00007ffa6bf80000 - 0x00007ffa6bfa3000 	C:\WINDOWS\system32\WINMM.dll
0x00007ffa6b780000 - 0x00007ffa6b7ac000 	C:\WINDOWS\system32\WINMMBASE.dll
0x00007ffa6c420000 - 0x00007ffa6c464000 	C:\WINDOWS\system32\cfgmgr32.dll
0x00007ffa66420000 - 0x00007ffa66429000 	C:\WINDOWS\SYSTEM32\WSOCK32.dll
0x00007ffa6b730000 - 0x00007ffa6b757000 	C:\WINDOWS\system32\DEVOBJ.dll
0x00007ffa6cbc0000 - 0x00007ffa6cbc8000 	C:\WINDOWS\system32\PSAPI.DLL
0x00007ffa634b0000 - 0x00007ffa634ba000 	C:\WINDOWS\SYSTEM32\VERSION.dll
0x00007ffa6c800000 - 0x00007ffa6c869000 	C:\WINDOWS\system32\WS2_32.dll
0x00007ffa6d710000 - 0x00007ffa6d718000 	C:\WINDOWS\system32\NSI.dll
0x000000006f5e0000 - 0x000000006f5ef000 	D:\Program Files\Java\jdk1.8.0_60\jre\bin\verify.dll
0x000000006f5b0000 - 0x000000006f5d9000 	D:\Program Files\Java\jdk1.8.0_60\jre\bin\java.dll
0x000000006f590000 - 0x000000006f5a6000 	D:\Program Files\Java\jdk1.8.0_60\jre\bin\zip.dll
0x00007ffa6d720000 - 0x00007ffa6ec42000 	C:\WINDOWS\system32\SHELL32.dll
0x00007ffa6b830000 - 0x00007ffa6be58000 	C:\WINDOWS\system32\windows.storage.dll
0x00007ffa6d1a0000 - 0x00007ffa6d41c000 	C:\WINDOWS\system32\combase.dll
0x00007ffa6d040000 - 0x00007ffa6d091000 	C:\WINDOWS\system32\shlwapi.dll
0x00007ffa6b7b0000 - 0x00007ffa6b7bf000 	C:\WINDOWS\system32\kernel.appcore.dll
0x00007ffa6c180000 - 0x00007ffa6c233000 	C:\WINDOWS\system32\shcore.dll
0x00007ffa6b7e0000 - 0x00007ffa6b82a000 	C:\WINDOWS\system32\powrprof.dll
0x00007ffa6b7c0000 - 0x00007ffa6b7d3000 	C:\WINDOWS\system32\profapi.dll
0x00007ffa6afa0000 - 0x00007ffa6afb7000 	C:\WINDOWS\SYSTEM32\CRYPTSP.dll
0x00007ffa6b660000 - 0x00007ffa6b688000 	C:\WINDOWS\SYSTEM32\bcrypt.dll
0x00007ffa6abf0000 - 0x00007ffa6ac23000 	C:\WINDOWS\system32\rsaenh.dll
0x00007ffa6ace0000 - 0x00007ffa6acff000 	C:\WINDOWS\SYSTEM32\USERENV.dll
0x00007ffa6b550000 - 0x00007ffa6b5bb000 	C:\WINDOWS\system32\bcryptprimitives.dll
0x00007ffa6b110000 - 0x00007ffa6b11b000 	C:\WINDOWS\SYSTEM32\CRYPTBASE.dll
0x000000006f570000 - 0x000000006f58a000 	D:\Program Files\Java\jdk1.8.0_60\jre\bin\net.dll
0x00007ffa6af40000 - 0x00007ffa6af9d000 	C:\WINDOWS\system32\mswsock.dll
0x00007ffa678b0000 - 0x00007ffa678e8000 	C:\WINDOWS\SYSTEM32\IPHLPAPI.DLL
0x00007ffa67850000 - 0x00007ffa6785b000 	C:\WINDOWS\SYSTEM32\WINNSI.DLL
0x00007ffa66990000 - 0x00007ffa669a6000 	C:\WINDOWS\SYSTEM32\dhcpcsvc6.DLL
0x00007ffa66970000 - 0x00007ffa6698a000 	C:\WINDOWS\SYSTEM32\dhcpcsvc.DLL
0x000000006f550000 - 0x000000006f561000 	D:\Program Files\Java\jdk1.8.0_60\jre\bin\nio.dll
0x00007ffa5fbf0000 - 0x00007ffa5fc27000 	C:\Users\Administrator.E7EI8PN5T4MLBYK\AppData\Local\Temp\jna-Administrator\jna6064208275678760142.dll
0x000000006f410000 - 0x000000006f43d000 	D:\Users\Administrator.E7EI8PN5T4MLBYK\workspace\VideoPlayer\libvlc.dll
0x000000006f160000 - 0x000000006f40c000 	D:\Users\Administrator.E7EI8PN5T4MLBYK\workspace\VideoPlayer\libvlccore.dll
0x000000006efc0000 - 0x000000006f158000 	D:\Program Files\Java\jdk1.8.0_60\jre\bin\awt.dll
0x00007ffa6cca0000 - 0x00007ffa6cd5e000 	C:\WINDOWS\system32\OLEAUT32.dll
0x00007ffa69f90000 - 0x00007ffa6a008000 	C:\WINDOWS\system32\apphelp.dll
0x00007ffa6a030000 - 0x00007ffa6a0c6000 	C:\WINDOWS\system32\uxtheme.dll
0x00007ffa69450000 - 0x00007ffa69472000 	C:\WINDOWS\system32\dwmapi.dll
0x00007ffa6cef0000 - 0x00007ffa6d031000 	C:\WINDOWS\system32\ole32.dll
0x000000006efa0000 - 0x000000006efb4000 	D:\Users\Administrator.E7EI8PN5T4MLBYK\workspace\VideoPlayer\plugins\audio_output\libdirectsound_plugin.dll
0x000000006ef80000 - 0x000000006ef93000 	D:\Users\Administrator.E7EI8PN5T4MLBYK\workspace\VideoPlayer\plugins\audio_output\libwaveout_plugin.dll
0x000000006ef60000 - 0x000000006ef7f000 	D:\Users\Administrator.E7EI8PN5T4MLBYK\workspace\VideoPlayer\plugins\video_output\libdirect3d_plugin.dll
0x000000006ef40000 - 0x000000006ef5d000 	D:\Users\Administrator.E7EI8PN5T4MLBYK\workspace\VideoPlayer\plugins\video_output\libdirectdraw_plugin.dll
0x00007ffa6ec50000 - 0x00007ffa6ecec000 	C:\WINDOWS\system32\DSOUND.DLL
0x00007ffa6cbf0000 - 0x00007ffa6cc95000 	C:\WINDOWS\system32\clbcatq.dll
0x00007ffa63740000 - 0x00007ffa637b2000 	C:\WINDOWS\System32\MMDevApi.dll
0x00007ffa694d0000 - 0x00007ffa69653000 	C:\WINDOWS\System32\PROPSYS.dll
0x000000006eef0000 - 0x000000006ef37000 	D:\Program Files\Java\jdk1.8.0_60\jre\bin\fontmanager.dll
0x000000006eea0000 - 0x000000006eee2000 	D:\Program Files\Java\jdk1.8.0_60\jre\bin\t2k.dll
0x000000006ee70000 - 0x000000006ee9a000 	D:\Program Files\Java\jdk1.8.0_60\jre\bin\dcpr.dll
0x00007ffa69740000 - 0x00007ffa69747000 	C:\WINDOWS\system32\MSIMG32.dll
0x00007ffa6aa70000 - 0x00007ffa6aaa2000 	C:\WINDOWS\SYSTEM32\ntmarta.dll
0x00007ffa567b0000 - 0x00007ffa5702c000 	C:\WINDOWS\system32\SogouPy.ime
0x00007ffa61bb0000 - 0x00007ffa61c19000 	C:\WINDOWS\SYSTEM32\OLEACC.dll
0x000000001b250000 - 0x000000001b32d000 	D:\Program Files\sogoupinyin\7.8.0.7293\Resource.dll
0x00007ffa56580000 - 0x00007ffa567ab000 	D:\Program Files\sogoupinyin\Components\PicFace\1.0.0.1394\PicFace64.dll
0x000000006ee60000 - 0x000000006ee67000 	D:\Program Files\Java\jdk1.8.0_60\jre\bin\jawt.dll
0x000000006ebf0000 - 0x000000006ee58000 	D:\Users\Administrator.E7EI8PN5T4MLBYK\workspace\VideoPlayer\plugins\access\liblibbluray_plugin.dll
0x000000006ebc0000 - 0x000000006ebe6000 	D:\Users\Administrator.E7EI8PN5T4MLBYK\workspace\VideoPlayer\plugins\access\libaccess_bd_plugin.dll
0x000000006eb70000 - 0x000000006ebbb000 	D:\Users\Administrator.E7EI8PN5T4MLBYK\workspace\VideoPlayer\plugins\access\libdvdnav_plugin.dll
0x000000006eb50000 - 0x000000006eb6f000 	D:\Users\Administrator.E7EI8PN5T4MLBYK\workspace\VideoPlayer\plugins\access\libvdr_plugin.dll
0x000000006eb30000 - 0x000000006eb48000 	D:\Users\Administrator.E7EI8PN5T4MLBYK\workspace\VideoPlayer\plugins\access\libfilesystem_plugin.dll
0x000000006eb10000 - 0x000000006eb2b000 	D:\Users\Administrator.E7EI8PN5T4MLBYK\workspace\VideoPlayer\plugins\stream_filter\libsmooth_plugin.dll
0x000000006ea60000 - 0x000000006eb0e000 	D:\Users\Administrator.E7EI8PN5T4MLBYK\workspace\VideoPlayer\plugins\stream_filter\libhttplive_plugin.dll
0x000000006ea30000 - 0x000000006ea5b000 	D:\Users\Administrator.E7EI8PN5T4MLBYK\workspace\VideoPlayer\plugins\access\libzip_plugin.dll
0x000000006ea10000 - 0x000000006ea26000 	D:\Users\Administrator.E7EI8PN5T4MLBYK\workspace\VideoPlayer\plugins\access\librar_plugin.dll
0x000000006ea00000 - 0x000000006ea0f000 	D:\Users\Administrator.E7EI8PN5T4MLBYK\workspace\VideoPlayer\plugins\stream_filter\librecord_plugin.dll
0x000000006e9b0000 - 0x000000006e9f2000 	D:\Users\Administrator.E7EI8PN5T4MLBYK\workspace\VideoPlayer\plugins\demux\libmp4_plugin.dll
0x000000006e950000 - 0x000000006e9a9000 	D:\Users\Administrator.E7EI8PN5T4MLBYK\workspace\VideoPlayer\plugins\codec\libjpeg_plugin.dll
0x000000006e930000 - 0x000000006e941000 	D:\Users\Administrator.E7EI8PN5T4MLBYK\workspace\VideoPlayer\plugins\codec\libcdg_plugin.dll
0x000000006e8d0000 - 0x000000006e92e000 	D:\Users\Administrator.E7EI8PN5T4MLBYK\workspace\VideoPlayer\plugins\codec\libpng_plugin.dll
0x000000006e750000 - 0x000000006e8cb000 	D:\Users\Administrator.E7EI8PN5T4MLBYK\workspace\VideoPlayer\plugins\codec\libschroedinger_plugin.dll
0x000000006e670000 - 0x000000006e745000 	D:\Users\Administrator.E7EI8PN5T4MLBYK\workspace\VideoPlayer\plugins\codec\libvorbis_plugin.dll
0x000000006e610000 - 0x000000006e66a000 	D:\Users\Administrator.E7EI8PN5T4MLBYK\workspace\VideoPlayer\plugins\codec\libtheora_plugin.dll
0x000000006e5f0000 - 0x000000006e601000 	D:\Users\Administrator.E7EI8PN5T4MLBYK\workspace\VideoPlayer\plugins\codec\libdts_plugin.dll
0x000000006e5d0000 - 0x000000006e5e5000 	D:\Users\Administrator.E7EI8PN5T4MLBYK\workspace\VideoPlayer\plugins\codec\libaraw_plugin.dll
0x000000006e5b0000 - 0x000000006e5c7000 	D:\Users\Administrator.E7EI8PN5T4MLBYK\workspace\VideoPlayer\plugins\codec\libsubstx3g_plugin.dll
0x000000006e530000 - 0x000000006e5a4000 	D:\Users\Administrator.E7EI8PN5T4MLBYK\workspace\VideoPlayer\plugins\codec\libflac_plugin.dll
0x000000006e510000 - 0x000000006e523000 	D:\Users\Administrator.E7EI8PN5T4MLBYK\workspace\VideoPlayer\plugins\codec\libg711_plugin.dll
0x000000006e500000 - 0x000000006e510000 	D:\Users\Administrator.E7EI8PN5T4MLBYK\workspace\VideoPlayer\plugins\codec\libaes3_plugin.dll
0x000000006e4c0000 - 0x000000006e4f9000 	D:\Users\Administrator.E7EI8PN5T4MLBYK\workspace\VideoPlayer\plugins\codec\libspeex_plugin.dll
0x000000006e2f0000 - 0x000000006e4b5000 	D:\Users\Administrator.E7EI8PN5T4MLBYK\workspace\VideoPlayer\plugins\codec\liblibass_plugin.dll
0x000000006e280000 - 0x000000006e2ef000 	D:\Users\Administrator.E7EI8PN5T4MLBYK\workspace\VideoPlayer\plugins\codec\libfaad_plugin.dll
0x000000006e260000 - 0x000000006e271000 	D:\Users\Administrator.E7EI8PN5T4MLBYK\workspace\VideoPlayer\plugins\codec\liba52_plugin.dll
0x000000006e250000 - 0x000000006e260000 	D:\Users\Administrator.E7EI8PN5T4MLBYK\workspace\VideoPlayer\plugins\codec\libmpeg_audio_plugin.dll
0x000000006e230000 - 0x000000006e241000 	D:\Users\Administrator.E7EI8PN5T4MLBYK\workspace\VideoPlayer\plugins\codec\liblpcm_plugin.dll
0x000000006e1b0000 - 0x000000006e228000 	D:\Users\Administrator.E7EI8PN5T4MLBYK\workspace\VideoPlayer\plugins\codec\libopus_plugin.dll
0x000000006e180000 - 0x000000006e1a9000 	D:\Users\Administrator.E7EI8PN5T4MLBYK\workspace\VideoPlayer\plugins\codec\libdvbsub_plugin.dll
0x000000006e160000 - 0x000000006e171000 	D:\Users\Administrator.E7EI8PN5T4MLBYK\workspace\VideoPlayer\plugins\codec\libspudec_plugin.dll
0x000000006ccc0000 - 0x000000006e15f000 	D:\Users\Administrator.E7EI8PN5T4MLBYK\workspace\VideoPlayer\plugins\codec\libavcodec_plugin.dll
0x000000006cc60000 - 0x000000006ccbc000 	D:\Users\Administrator.E7EI8PN5T4MLBYK\workspace\VideoPlayer\plugins\lua\liblua_plugin.dll
0x000000006cb70000 - 0x000000006cc53000 	D:\Users\Administrator.E7EI8PN5T4MLBYK\workspace\VideoPlayer\plugins\text_renderer\libfreetype_plugin.dll
0x000000006cb50000 - 0x000000006cb65000 	D:\Users\Administrator.E7EI8PN5T4MLBYK\workspace\VideoPlayer\plugins\video_chroma\libi420_yuy2_sse2_plugin.dll
0x000000006cb30000 - 0x000000006cb42000 	D:\Users\Administrator.E7EI8PN5T4MLBYK\workspace\VideoPlayer\plugins\video_chroma\libi420_yuy2_mmx_plugin.dll
0x000000006ca60000 - 0x000000006cb2c000 	D:\Users\Administrator.E7EI8PN5T4MLBYK\workspace\VideoPlayer\plugins\video_chroma\libswscale_plugin.dll
0x00007ffa5ff10000 - 0x00007ffa5ff95000 	C:\WINDOWS\SYSTEM32\AUDIOSES.DLL
0x00007ffa66bf0000 - 0x00007ffa66d21000 	C:\WINDOWS\SYSTEM32\wintypes.dll
0x000000006ca40000 - 0x000000006ca53000 	D:\Users\Administrator.E7EI8PN5T4MLBYK\workspace\VideoPlayer\plugins\video_chroma\libi422_yuy2_sse2_plugin.dll
0x000000006ca10000 - 0x000000006ca39000 	D:\Users\Administrator.E7EI8PN5T4MLBYK\workspace\VideoPlayer\plugins\video_chroma\libi420_rgb_sse2_plugin.dll
0x000000006c9f0000 - 0x000000006ca09000 	D:\Users\Administrator.E7EI8PN5T4MLBYK\workspace\VideoPlayer\plugins\video_chroma\libi420_rgb_mmx_plugin.dll
0x000000006c9d0000 - 0x000000006c9e1000 	D:\Users\Administrator.E7EI8PN5T4MLBYK\workspace\VideoPlayer\plugins\video_chroma\libi422_yuy2_mmx_plugin.dll
0x000000006c9b0000 - 0x000000006c9c4000 	D:\Users\Administrator.E7EI8PN5T4MLBYK\workspace\VideoPlayer\plugins\video_chroma\libyuy2_i422_plugin.dll
0x000000006c990000 - 0x000000006c9a1000 	D:\Users\Administrator.E7EI8PN5T4MLBYK\workspace\VideoPlayer\plugins\video_chroma\libgrey_yuv_plugin.dll
0x000000006c970000 - 0x000000006c988000 	D:\Users\Administrator.E7EI8PN5T4MLBYK\workspace\VideoPlayer\plugins\video_chroma\libyuy2_i420_plugin.dll
0x000000006c950000 - 0x000000006c963000 	D:\Users\Administrator.E7EI8PN5T4MLBYK\workspace\VideoPlayer\plugins\video_chroma\libi422_yuy2_plugin.dll
0x000000006c930000 - 0x000000006c946000 	D:\Users\Administrator.E7EI8PN5T4MLBYK\workspace\VideoPlayer\plugins\video_chroma\libi420_yuy2_plugin.dll
0x000000006c910000 - 0x000000006c923000 	D:\Users\Administrator.E7EI8PN5T4MLBYK\workspace\VideoPlayer\plugins\video_chroma\libi420_rgb_plugin.dll
0x000000006c900000 - 0x000000006c910000 	D:\Users\Administrator.E7EI8PN5T4MLBYK\workspace\VideoPlayer\plugins\video_chroma\libi422_i420_plugin.dll
0x000000006c8f0000 - 0x000000006c900000 	D:\Users\Administrator.E7EI8PN5T4MLBYK\workspace\VideoPlayer\plugins\video_filter\libscale_plugin.dll
0x000000006c8e0000 - 0x000000006c8f0000 	D:\Users\Administrator.E7EI8PN5T4MLBYK\workspace\VideoPlayer\plugins\video_filter\libyuvp_plugin.dll

VM Arguments:
jvm_args: -Dfile.encoding=GBK 
java_command: VideoPlayer.Main.PlayerMain
java_class_path (initial): D:\Users\Administrator.E7EI8PN5T4MLBYK\workspace\VideoPlayer\bin;D:\Users\Administrator.E7EI8PN5T4MLBYK\workspace\VideoPlayer\lib\jna-3.5.2.jar;D:\Users\Administrator.E7EI8PN5T4MLBYK\workspace\VideoPlayer\lib\platform-3.5.2.jar;D:\Users\Administrator.E7EI8PN5T4MLBYK\workspace\VideoPlayer\lib\slf4j-api-1.7.13.jar;D:\Users\Administrator.E7EI8PN5T4MLBYK\workspace\VideoPlayer\lib\slf4j-nop-1.7.13.jar;D:\Users\Administrator.E7EI8PN5T4MLBYK\workspace\VideoPlayer\lib\vlcj-3.8.0.jar
Launcher Type: SUN_STANDARD

Environment Variables:
JAVA_HOME=D:\Program Files\Java\jdk1.8.0_60
CLASSPATH=.;D:\Program Files\Java\jdk1.8.0_60\lib;D:\Program Files\Java\jdk1.8.0_60\lib\tools.jar;D:\Program Files\apache-tomcat-8.0.29\bin\BIN
PATH=D:/Program Files/Java/jdk1.8.0_60/bin/../jre/bin/server;D:/Program Files/Java/jdk1.8.0_60/bin/../jre/bin;D:/Program Files/Java/jdk1.8.0_60/bin/../jre/lib/amd64;D:\app\Administrator\product\11.2.0\dbhome_1\bin;D:\Program Files\Java\jdk1.8.0_60\bin;C:\WINDOWS\system32;C:\WINDOWS;C:\WINDOWS\System32\Wbem;C:\WINDOWS\System32\WindowsPowerShell\v1.0\£»D:\Program Files\Java\jdk1.8.0_60\jre\bin;C:\Program Files (x86)\Windows Kits\8.1\Windows Performance Toolkit\;C:\Program Files\Microsoft SQL Server\110\Tools\Binn\;C:\Program Files (x86)\Microsoft SDKs\TypeScript\1.0\;C:\Program Files\Microsoft SQL Server\120\Tools\Binn\;C:\Program Files (x86)\ATI Technologies\ATI.ACE\Core-Static;D:\Program Files (x86)\openCV\opencv\build\x64\vc12\bin;D:\Program Files (x86)\openCV\opencv\build\x86\vc12\bin;D:\Program Files (x86)\Microsoft Visual Studio\Common\Tools\WinNT;D:\Program Files (x86)\Microsoft Visual Studio\Common\MSDev98\Bin;D:\Program Files (x86)\Microsoft Visual Studio\Common\Tools;D:\Program Files (x86)\Microsoft Visual Studio\VC98\bin;D:\Program Files (x86)\eclipse;
USERNAME=Administrator
OS=Windows_NT
PROCESSOR_IDENTIFIER=Intel64 Family 6 Model 58 Stepping 9, GenuineIntel



---------------  S Y S T E M  ---------------

OS: Windows 10.0 , 64 bit Build 10240 (10.0.10240.16384)

CPU:total 4 (2 cores per cpu, 2 threads per core) family 6 model 58 stepping 9, cmov, cx8, fxsr, mmx, sse, sse2, sse3, ssse3, sse4.1, sse4.2, popcnt, avx, clmul, erms, ht, tsc, tscinvbit, tscinv

Memory: 4k page, physical 4060004k(1780032k free), swap 7161756k(4014612k free)

vm_info: Java HotSpot(TM) 64-Bit Server VM (25.60-b23) for windows-amd64 JRE (1.8.0_60-b27), built on Aug  4 2015 11:06:27 by "java_re" with MS VC++ 10.0 (VS2010)

time: Thu Dec 31 13:09:22 2015
elapsed time: 156 seconds (0d 0h 2m 36s)

